<?xml version="1.0" encoding="UTF-8"?>
<testsuite name="ru.stqa.pft.github.addressbook.tests.GroupCreationTests" tests="4" skipped="0" failures="1" errors="0" timestamp="2020-07-31T19:40:07" hostname="STEP2" time="7.002">
  <properties/>
  <testcase name="testBadGroupCreation" classname="ru.stqa.pft.github.addressbook.tests.GroupCreationTests" time="3.043">
    <failure message="java.lang.AssertionError: &#10;Expected: &lt;35&gt;&#10;     but: was &lt;[GroupData{id='226', name='test 0'}, GroupData{id='249', name='test 2'}, GroupData{id='228', name='test 2'}, GroupData{id='247', name='test 0'}, GroupData{id='253', name='test 0'}, GroupData{id='255', name='test 2'}, GroupData{id='257', name='test 1'}, GroupData{id='215', name='test 1'}, GroupData{id='239', name='test 1'}, GroupData{id='252', name='test1'}, GroupData{id='221', name='test 1'}, GroupData{id='256', name='test1'}, GroupData{id='241', name='test 0'}, GroupData{id='231', name='test 2'}, GroupData{id='243', name='test 2'}, GroupData{id='196', name='333'}, GroupData{id='229', name='test 0'}, GroupData{id='246', name='test1'}, GroupData{id='233', name='test 1'}, GroupData{id='195', name='test1'}, GroupData{id='227', name='test 1'}, GroupData{id='237', name='test1'}, GroupData{id='248', name='test 1'}, GroupData{id='254', name='test 1'}, GroupData{id='216', name='test 2'}, GroupData{id='214', name='test 0'}, GroupData{id='238', name='test 0'}, GroupData{id='258', name='test 2'}, GroupData{id='220', name='test 0'}, GroupData{id='245', name='test1'}, GroupData{id='242', name='test 1'}, GroupData{id='230', name='test 1'}, GroupData{id='240', name='test 2'}, GroupData{id='234', name='test 2'}, GroupData{id='194', name='111'}, GroupData{id='232', name='test 0'}]&gt;" type="java.lang.AssertionError">java.lang.AssertionError: 
Expected: &lt;35&gt;
     but: was &lt;[GroupData{id='226', name='test 0'}, GroupData{id='249', name='test 2'}, GroupData{id='228', name='test 2'}, GroupData{id='247', name='test 0'}, GroupData{id='253', name='test 0'}, GroupData{id='255', name='test 2'}, GroupData{id='257', name='test 1'}, GroupData{id='215', name='test 1'}, GroupData{id='239', name='test 1'}, GroupData{id='252', name='test1'}, GroupData{id='221', name='test 1'}, GroupData{id='256', name='test1'}, GroupData{id='241', name='test 0'}, GroupData{id='231', name='test 2'}, GroupData{id='243', name='test 2'}, GroupData{id='196', name='333'}, GroupData{id='229', name='test 0'}, GroupData{id='246', name='test1'}, GroupData{id='233', name='test 1'}, GroupData{id='195', name='test1'}, GroupData{id='227', name='test 1'}, GroupData{id='237', name='test1'}, GroupData{id='248', name='test 1'}, GroupData{id='254', name='test 1'}, GroupData{id='216', name='test 2'}, GroupData{id='214', name='test 0'}, GroupData{id='238', name='test 0'}, GroupData{id='258', name='test 2'}, GroupData{id='220', name='test 0'}, GroupData{id='245', name='test1'}, GroupData{id='242', name='test 1'}, GroupData{id='230', name='test 1'}, GroupData{id='240', name='test 2'}, GroupData{id='234', name='test 2'}, GroupData{id='194', name='111'}, GroupData{id='232', name='test 0'}]&gt;
	at org.hamcrest.MatcherAssert.assertThat(MatcherAssert.java:18)
	at org.hamcrest.MatcherAssert.assertThat(MatcherAssert.java:6)
	at ru.stqa.pft.github.addressbook.tests.GroupCreationTests.testBadGroupCreation(GroupCreationTests.java:77)
	at sun.reflect.NativeMethodAccessorImpl.invoke0(Native Method)
	at sun.reflect.NativeMethodAccessorImpl.invoke(NativeMethodAccessorImpl.java:62)
	at sun.reflect.DelegatingMethodAccessorImpl.invoke(DelegatingMethodAccessorImpl.java:43)
	at java.lang.reflect.Method.invoke(Method.java:498)
	at org.testng.internal.MethodInvocationHelper.invokeMethod(MethodInvocationHelper.java:134)
	at org.testng.internal.TestInvoker.invokeMethod(TestInvoker.java:597)
	at org.testng.internal.TestInvoker.invokeTestMethod(TestInvoker.java:173)
	at org.testng.internal.MethodRunner.runInSequence(MethodRunner.java:46)
	at org.testng.internal.TestInvoker$MethodInvocationAgent.invoke(TestInvoker.java:816)
	at org.testng.internal.TestInvoker.invokeTestMethods(TestInvoker.java:146)
	at org.testng.internal.TestMethodWorker.invokeTestMethods(TestMethodWorker.java:146)
	at org.testng.internal.TestMethodWorker.run(TestMethodWorker.java:128)
	at java.util.ArrayList.forEach(ArrayList.java:1257)
	at org.testng.TestRunner.privateRun(TestRunner.java:766)
	at org.testng.TestRunner.run(TestRunner.java:587)
	at org.testng.SuiteRunner.runTest(SuiteRunner.java:384)
	at org.testng.SuiteRunner.runSequentially(SuiteRunner.java:378)
	at org.testng.SuiteRunner.privateRun(SuiteRunner.java:337)
	at org.testng.SuiteRunner.run(SuiteRunner.java:286)
	at org.testng.SuiteRunnerWorker.runSuite(SuiteRunnerWorker.java:53)
	at org.testng.SuiteRunnerWorker.run(SuiteRunnerWorker.java:96)
	at org.testng.TestNG.runSuitesSequentially(TestNG.java:1187)
	at org.testng.TestNG.runSuitesLocally(TestNG.java:1109)
	at org.testng.TestNG.runSuites(TestNG.java:1039)
	at org.testng.TestNG.run(TestNG.java:1007)
	at org.gradle.api.internal.tasks.testing.testng.TestNGTestClassProcessor.runTests(TestNGTestClassProcessor.java:141)
	at org.gradle.api.internal.tasks.testing.testng.TestNGTestClassProcessor.stop(TestNGTestClassProcessor.java:90)
	at org.gradle.api.internal.tasks.testing.SuiteTestClassProcessor.stop(SuiteTestClassProcessor.java:61)
	at sun.reflect.NativeMethodAccessorImpl.invoke0(Native Method)
	at sun.reflect.NativeMethodAccessorImpl.invoke(NativeMethodAccessorImpl.java:62)
	at sun.reflect.DelegatingMethodAccessorImpl.invoke(DelegatingMethodAccessorImpl.java:43)
	at java.lang.reflect.Method.invoke(Method.java:498)
	at org.gradle.internal.dispatch.ReflectionDispatch.dispatch(ReflectionDispatch.java:36)
	at org.gradle.internal.dispatch.ReflectionDispatch.dispatch(ReflectionDispatch.java:24)
	at org.gradle.internal.dispatch.ContextClassLoaderDispatch.dispatch(ContextClassLoaderDispatch.java:33)
	at org.gradle.internal.dispatch.ProxyDispatchAdapter$DispatchingInvocationHandler.invoke(ProxyDispatchAdapter.java:94)
	at com.sun.proxy.$Proxy2.stop(Unknown Source)
	at org.gradle.api.internal.tasks.testing.worker.TestWorker.stop(TestWorker.java:132)
	at sun.reflect.NativeMethodAccessorImpl.invoke0(Native Method)
	at sun.reflect.NativeMethodAccessorImpl.invoke(NativeMethodAccessorImpl.java:62)
	at sun.reflect.DelegatingMethodAccessorImpl.invoke(DelegatingMethodAccessorImpl.java:43)
	at java.lang.reflect.Method.invoke(Method.java:498)
	at org.gradle.internal.dispatch.ReflectionDispatch.dispatch(ReflectionDispatch.java:36)
	at org.gradle.internal.dispatch.ReflectionDispatch.dispatch(ReflectionDispatch.java:24)
	at org.gradle.internal.remote.internal.hub.MessageHubBackedObjectConnection$DispatchWrapper.dispatch(MessageHubBackedObjectConnection.java:182)
	at org.gradle.internal.remote.internal.hub.MessageHubBackedObjectConnection$DispatchWrapper.dispatch(MessageHubBackedObjectConnection.java:164)
	at org.gradle.internal.remote.internal.hub.MessageHub$Handler.run(MessageHub.java:412)
	at org.gradle.internal.concurrent.ExecutorPolicy$CatchAndRecordFailures.onExecute(ExecutorPolicy.java:64)
	at org.gradle.internal.concurrent.ManagedExecutorImpl$1.run(ManagedExecutorImpl.java:48)
	at java.util.concurrent.ThreadPoolExecutor.runWorker(ThreadPoolExecutor.java:1149)
	at java.util.concurrent.ThreadPoolExecutor$Worker.run(ThreadPoolExecutor.java:624)
	at org.gradle.internal.concurrent.ThreadFactoryImpl$ManagedThreadRunnable.run(ThreadFactoryImpl.java:56)
	at java.lang.Thread.run(Thread.java:748)
</failure>
  </testcase>
  <testcase name="testGroupCreation[0](GroupData{id='2147483647', name='test 0'})" classname="ru.stqa.pft.github.addressbook.tests.GroupCreationTests" time="1.454"/>
  <testcase name="testGroupCreation[1](GroupData{id='2147483647', name='test 1'})" classname="ru.stqa.pft.github.addressbook.tests.GroupCreationTests" time="0.907"/>
  <testcase name="testGroupCreation[2](GroupData{id='2147483647', name='test 2'})" classname="ru.stqa.pft.github.addressbook.tests.GroupCreationTests" time="1.017"/>
  <system-out><![CDATA[Hibernate: select groupdata0_.group_id as group_id1_2_, groupdata0_.group_footer as group_fo2_2_, groupdata0_.group_header as group_he3_2_, groupdata0_.group_name as group_na4_2_ from group_list groupdata0_
Hibernate: select contacts0_.group_id as group_id2_0_0_, contacts0_.id as id1_0_0_, contactdat1_.id as id1_1_1_, contactdat1_.firstname as firstnam2_1_1_, contactdat1_.home as home3_1_1_, contactdat1_.lastname as lastname4_1_1_, contactdat1_.mobile as mobile5_1_1_, contactdat1_.work as work6_1_1_ from address_in_groups contacts0_ inner join addressbook contactdat1_ on contacts0_.id=contactdat1_.id where contacts0_.group_id=?
Hibernate: select contacts0_.group_id as group_id2_0_0_, contacts0_.id as id1_0_0_, contactdat1_.id as id1_1_1_, contactdat1_.firstname as firstnam2_1_1_, contactdat1_.home as home3_1_1_, contactdat1_.lastname as lastname4_1_1_, contactdat1_.mobile as mobile5_1_1_, contactdat1_.work as work6_1_1_ from address_in_groups contacts0_ inner join addressbook contactdat1_ on contacts0_.id=contactdat1_.id where contacts0_.group_id=?
Hibernate: select contacts0_.group_id as group_id2_0_0_, contacts0_.id as id1_0_0_, contactdat1_.id as id1_1_1_, contactdat1_.firstname as firstnam2_1_1_, contactdat1_.home as home3_1_1_, contactdat1_.lastname as lastname4_1_1_, contactdat1_.mobile as mobile5_1_1_, contactdat1_.work as work6_1_1_ from address_in_groups contacts0_ inner join addressbook contactdat1_ on contacts0_.id=contactdat1_.id where contacts0_.group_id=?
Hibernate: select contacts0_.group_id as group_id2_0_0_, contacts0_.id as id1_0_0_, contactdat1_.id as id1_1_1_, contactdat1_.firstname as firstnam2_1_1_, contactdat1_.home as home3_1_1_, contactdat1_.lastname as lastname4_1_1_, contactdat1_.mobile as mobile5_1_1_, contactdat1_.work as work6_1_1_ from address_in_groups contacts0_ inner join addressbook contactdat1_ on contacts0_.id=contactdat1_.id where contacts0_.group_id=?
Hibernate: select contacts0_.group_id as group_id2_0_0_, contacts0_.id as id1_0_0_, contactdat1_.id as id1_1_1_, contactdat1_.firstname as firstnam2_1_1_, contactdat1_.home as home3_1_1_, contactdat1_.lastname as lastname4_1_1_, contactdat1_.mobile as mobile5_1_1_, contactdat1_.work as work6_1_1_ from address_in_groups contacts0_ inner join addressbook contactdat1_ on contacts0_.id=contactdat1_.id where contacts0_.group_id=?
Hibernate: select contacts0_.group_id as group_id2_0_0_, contacts0_.id as id1_0_0_, contactdat1_.id as id1_1_1_, contactdat1_.firstname as firstnam2_1_1_, contactdat1_.home as home3_1_1_, contactdat1_.lastname as lastname4_1_1_, contactdat1_.mobile as mobile5_1_1_, contactdat1_.work as work6_1_1_ from address_in_groups contacts0_ inner join addressbook contactdat1_ on contacts0_.id=contactdat1_.id where contacts0_.group_id=?
Hibernate: select contacts0_.group_id as group_id2_0_0_, contacts0_.id as id1_0_0_, contactdat1_.id as id1_1_1_, contactdat1_.firstname as firstnam2_1_1_, contactdat1_.home as home3_1_1_, contactdat1_.lastname as lastname4_1_1_, contactdat1_.mobile as mobile5_1_1_, contactdat1_.work as work6_1_1_ from address_in_groups contacts0_ inner join addressbook contactdat1_ on contacts0_.id=contactdat1_.id where contacts0_.group_id=?
Hibernate: select contacts0_.group_id as group_id2_0_0_, contacts0_.id as id1_0_0_, contactdat1_.id as id1_1_1_, contactdat1_.firstname as firstnam2_1_1_, contactdat1_.home as home3_1_1_, contactdat1_.lastname as lastname4_1_1_, contactdat1_.mobile as mobile5_1_1_, contactdat1_.work as work6_1_1_ from address_in_groups contacts0_ inner join addressbook contactdat1_ on contacts0_.id=contactdat1_.id where contacts0_.group_id=?
Hibernate: select contacts0_.group_id as group_id2_0_0_, contacts0_.id as id1_0_0_, contactdat1_.id as id1_1_1_, contactdat1_.firstname as firstnam2_1_1_, contactdat1_.home as home3_1_1_, contactdat1_.lastname as lastname4_1_1_, contactdat1_.mobile as mobile5_1_1_, contactdat1_.work as work6_1_1_ from address_in_groups contacts0_ inner join addressbook contactdat1_ on contacts0_.id=contactdat1_.id where contacts0_.group_id=?
Hibernate: select contacts0_.group_id as group_id2_0_0_, contacts0_.id as id1_0_0_, contactdat1_.id as id1_1_1_, contactdat1_.firstname as firstnam2_1_1_, contactdat1_.home as home3_1_1_, contactdat1_.lastname as lastname4_1_1_, contactdat1_.mobile as mobile5_1_1_, contactdat1_.work as work6_1_1_ from address_in_groups contacts0_ inner join addressbook contactdat1_ on contacts0_.id=contactdat1_.id where contacts0_.group_id=?
Hibernate: select contacts0_.group_id as group_id2_0_0_, contacts0_.id as id1_0_0_, contactdat1_.id as id1_1_1_, contactdat1_.firstname as firstnam2_1_1_, contactdat1_.home as home3_1_1_, contactdat1_.lastname as lastname4_1_1_, contactdat1_.mobile as mobile5_1_1_, contactdat1_.work as work6_1_1_ from address_in_groups contacts0_ inner join addressbook contactdat1_ on contacts0_.id=contactdat1_.id where contacts0_.group_id=?
Hibernate: select contacts0_.group_id as group_id2_0_0_, contacts0_.id as id1_0_0_, contactdat1_.id as id1_1_1_, contactdat1_.firstname as firstnam2_1_1_, contactdat1_.home as home3_1_1_, contactdat1_.lastname as lastname4_1_1_, contactdat1_.mobile as mobile5_1_1_, contactdat1_.work as work6_1_1_ from address_in_groups contacts0_ inner join addressbook contactdat1_ on contacts0_.id=contactdat1_.id where contacts0_.group_id=?
Hibernate: select contacts0_.group_id as group_id2_0_0_, contacts0_.id as id1_0_0_, contactdat1_.id as id1_1_1_, contactdat1_.firstname as firstnam2_1_1_, contactdat1_.home as home3_1_1_, contactdat1_.lastname as lastname4_1_1_, contactdat1_.mobile as mobile5_1_1_, contactdat1_.work as work6_1_1_ from address_in_groups contacts0_ inner join addressbook contactdat1_ on contacts0_.id=contactdat1_.id where contacts0_.group_id=?
Hibernate: select contacts0_.group_id as group_id2_0_0_, contacts0_.id as id1_0_0_, contactdat1_.id as id1_1_1_, contactdat1_.firstname as firstnam2_1_1_, contactdat1_.home as home3_1_1_, contactdat1_.lastname as lastname4_1_1_, contactdat1_.mobile as mobile5_1_1_, contactdat1_.work as work6_1_1_ from address_in_groups contacts0_ inner join addressbook contactdat1_ on contacts0_.id=contactdat1_.id where contacts0_.group_id=?
Hibernate: select contacts0_.group_id as group_id2_0_0_, contacts0_.id as id1_0_0_, contactdat1_.id as id1_1_1_, contactdat1_.firstname as firstnam2_1_1_, contactdat1_.home as home3_1_1_, contactdat1_.lastname as lastname4_1_1_, contactdat1_.mobile as mobile5_1_1_, contactdat1_.work as work6_1_1_ from address_in_groups contacts0_ inner join addressbook contactdat1_ on contacts0_.id=contactdat1_.id where contacts0_.group_id=?
Hibernate: select contacts0_.group_id as group_id2_0_0_, contacts0_.id as id1_0_0_, contactdat1_.id as id1_1_1_, contactdat1_.firstname as firstnam2_1_1_, contactdat1_.home as home3_1_1_, contactdat1_.lastname as lastname4_1_1_, contactdat1_.mobile as mobile5_1_1_, contactdat1_.work as work6_1_1_ from address_in_groups contacts0_ inner join addressbook contactdat1_ on contacts0_.id=contactdat1_.id where contacts0_.group_id=?
Hibernate: select contacts0_.group_id as group_id2_0_0_, contacts0_.id as id1_0_0_, contactdat1_.id as id1_1_1_, contactdat1_.firstname as firstnam2_1_1_, contactdat1_.home as home3_1_1_, contactdat1_.lastname as lastname4_1_1_, contactdat1_.mobile as mobile5_1_1_, contactdat1_.work as work6_1_1_ from address_in_groups contacts0_ inner join addressbook contactdat1_ on contacts0_.id=contactdat1_.id where contacts0_.group_id=?
Hibernate: select contacts0_.group_id as group_id2_0_0_, contacts0_.id as id1_0_0_, contactdat1_.id as id1_1_1_, contactdat1_.firstname as firstnam2_1_1_, contactdat1_.home as home3_1_1_, contactdat1_.lastname as lastname4_1_1_, contactdat1_.mobile as mobile5_1_1_, contactdat1_.work as work6_1_1_ from address_in_groups contacts0_ inner join addressbook contactdat1_ on contacts0_.id=contactdat1_.id where contacts0_.group_id=?
Hibernate: select contacts0_.group_id as group_id2_0_0_, contacts0_.id as id1_0_0_, contactdat1_.id as id1_1_1_, contactdat1_.firstname as firstnam2_1_1_, contactdat1_.home as home3_1_1_, contactdat1_.lastname as lastname4_1_1_, contactdat1_.mobile as mobile5_1_1_, contactdat1_.work as work6_1_1_ from address_in_groups contacts0_ inner join addressbook contactdat1_ on contacts0_.id=contactdat1_.id where contacts0_.group_id=?
Hibernate: select contacts0_.group_id as group_id2_0_0_, contacts0_.id as id1_0_0_, contactdat1_.id as id1_1_1_, contactdat1_.firstname as firstnam2_1_1_, contactdat1_.home as home3_1_1_, contactdat1_.lastname as lastname4_1_1_, contactdat1_.mobile as mobile5_1_1_, contactdat1_.work as work6_1_1_ from address_in_groups contacts0_ inner join addressbook contactdat1_ on contacts0_.id=contactdat1_.id where contacts0_.group_id=?
Hibernate: select contacts0_.group_id as group_id2_0_0_, contacts0_.id as id1_0_0_, contactdat1_.id as id1_1_1_, contactdat1_.firstname as firstnam2_1_1_, contactdat1_.home as home3_1_1_, contactdat1_.lastname as lastname4_1_1_, contactdat1_.mobile as mobile5_1_1_, contactdat1_.work as work6_1_1_ from address_in_groups contacts0_ inner join addressbook contactdat1_ on contacts0_.id=contactdat1_.id where contacts0_.group_id=?
Hibernate: select contacts0_.group_id as group_id2_0_0_, contacts0_.id as id1_0_0_, contactdat1_.id as id1_1_1_, contactdat1_.firstname as firstnam2_1_1_, contactdat1_.home as home3_1_1_, contactdat1_.lastname as lastname4_1_1_, contactdat1_.mobile as mobile5_1_1_, contactdat1_.work as work6_1_1_ from address_in_groups contacts0_ inner join addressbook contactdat1_ on contacts0_.id=contactdat1_.id where contacts0_.group_id=?
Hibernate: select contacts0_.group_id as group_id2_0_0_, contacts0_.id as id1_0_0_, contactdat1_.id as id1_1_1_, contactdat1_.firstname as firstnam2_1_1_, contactdat1_.home as home3_1_1_, contactdat1_.lastname as lastname4_1_1_, contactdat1_.mobile as mobile5_1_1_, contactdat1_.work as work6_1_1_ from address_in_groups contacts0_ inner join addressbook contactdat1_ on contacts0_.id=contactdat1_.id where contacts0_.group_id=?
Hibernate: select contacts0_.group_id as group_id2_0_0_, contacts0_.id as id1_0_0_, contactdat1_.id as id1_1_1_, contactdat1_.firstname as firstnam2_1_1_, contactdat1_.home as home3_1_1_, contactdat1_.lastname as lastname4_1_1_, contactdat1_.mobile as mobile5_1_1_, contactdat1_.work as work6_1_1_ from address_in_groups contacts0_ inner join addressbook contactdat1_ on contacts0_.id=contactdat1_.id where contacts0_.group_id=?
Hibernate: select contacts0_.group_id as group_id2_0_0_, contacts0_.id as id1_0_0_, contactdat1_.id as id1_1_1_, contactdat1_.firstname as firstnam2_1_1_, contactdat1_.home as home3_1_1_, contactdat1_.lastname as lastname4_1_1_, contactdat1_.mobile as mobile5_1_1_, contactdat1_.work as work6_1_1_ from address_in_groups contacts0_ inner join addressbook contactdat1_ on contacts0_.id=contactdat1_.id where contacts0_.group_id=?
Hibernate: select contacts0_.group_id as group_id2_0_0_, contacts0_.id as id1_0_0_, contactdat1_.id as id1_1_1_, contactdat1_.firstname as firstnam2_1_1_, contactdat1_.home as home3_1_1_, contactdat1_.lastname as lastname4_1_1_, contactdat1_.mobile as mobile5_1_1_, contactdat1_.work as work6_1_1_ from address_in_groups contacts0_ inner join addressbook contactdat1_ on contacts0_.id=contactdat1_.id where contacts0_.group_id=?
Hibernate: select contacts0_.group_id as group_id2_0_0_, contacts0_.id as id1_0_0_, contactdat1_.id as id1_1_1_, contactdat1_.firstname as firstnam2_1_1_, contactdat1_.home as home3_1_1_, contactdat1_.lastname as lastname4_1_1_, contactdat1_.mobile as mobile5_1_1_, contactdat1_.work as work6_1_1_ from address_in_groups contacts0_ inner join addressbook contactdat1_ on contacts0_.id=contactdat1_.id where contacts0_.group_id=?
Hibernate: select contacts0_.group_id as group_id2_0_0_, contacts0_.id as id1_0_0_, contactdat1_.id as id1_1_1_, contactdat1_.firstname as firstnam2_1_1_, contactdat1_.home as home3_1_1_, contactdat1_.lastname as lastname4_1_1_, contactdat1_.mobile as mobile5_1_1_, contactdat1_.work as work6_1_1_ from address_in_groups contacts0_ inner join addressbook contactdat1_ on contacts0_.id=contactdat1_.id where contacts0_.group_id=?
Hibernate: select contacts0_.group_id as group_id2_0_0_, contacts0_.id as id1_0_0_, contactdat1_.id as id1_1_1_, contactdat1_.firstname as firstnam2_1_1_, contactdat1_.home as home3_1_1_, contactdat1_.lastname as lastname4_1_1_, contactdat1_.mobile as mobile5_1_1_, contactdat1_.work as work6_1_1_ from address_in_groups contacts0_ inner join addressbook contactdat1_ on contacts0_.id=contactdat1_.id where contacts0_.group_id=?
Hibernate: select contacts0_.group_id as group_id2_0_0_, contacts0_.id as id1_0_0_, contactdat1_.id as id1_1_1_, contactdat1_.firstname as firstnam2_1_1_, contactdat1_.home as home3_1_1_, contactdat1_.lastname as lastname4_1_1_, contactdat1_.mobile as mobile5_1_1_, contactdat1_.work as work6_1_1_ from address_in_groups contacts0_ inner join addressbook contactdat1_ on contacts0_.id=contactdat1_.id where contacts0_.group_id=?
Hibernate: select contacts0_.group_id as group_id2_0_0_, contacts0_.id as id1_0_0_, contactdat1_.id as id1_1_1_, contactdat1_.firstname as firstnam2_1_1_, contactdat1_.home as home3_1_1_, contactdat1_.lastname as lastname4_1_1_, contactdat1_.mobile as mobile5_1_1_, contactdat1_.work as work6_1_1_ from address_in_groups contacts0_ inner join addressbook contactdat1_ on contacts0_.id=contactdat1_.id where contacts0_.group_id=?
Hibernate: select groups0_.id as id1_0_0_, groups0_.group_id as group_id2_0_0_, groupdata1_.group_id as group_id1_2_1_, groupdata1_.group_footer as group_fo2_2_1_, groupdata1_.group_header as group_he3_2_1_, groupdata1_.group_name as group_na4_2_1_ from address_in_groups groups0_ inner join group_list groupdata1_ on groups0_.group_id=groupdata1_.group_id where groups0_.id=?
Hibernate: select contacts0_.group_id as group_id2_0_0_, contacts0_.id as id1_0_0_, contactdat1_.id as id1_1_1_, contactdat1_.firstname as firstnam2_1_1_, contactdat1_.home as home3_1_1_, contactdat1_.lastname as lastname4_1_1_, contactdat1_.mobile as mobile5_1_1_, contactdat1_.work as work6_1_1_ from address_in_groups contacts0_ inner join addressbook contactdat1_ on contacts0_.id=contactdat1_.id where contacts0_.group_id=?
Hibernate: select contacts0_.group_id as group_id2_0_0_, contacts0_.id as id1_0_0_, contactdat1_.id as id1_1_1_, contactdat1_.firstname as firstnam2_1_1_, contactdat1_.home as home3_1_1_, contactdat1_.lastname as lastname4_1_1_, contactdat1_.mobile as mobile5_1_1_, contactdat1_.work as work6_1_1_ from address_in_groups contacts0_ inner join addressbook contactdat1_ on contacts0_.id=contactdat1_.id where contacts0_.group_id=?
Hibernate: select contacts0_.group_id as group_id2_0_0_, contacts0_.id as id1_0_0_, contactdat1_.id as id1_1_1_, contactdat1_.firstname as firstnam2_1_1_, contactdat1_.home as home3_1_1_, contactdat1_.lastname as lastname4_1_1_, contactdat1_.mobile as mobile5_1_1_, contactdat1_.work as work6_1_1_ from address_in_groups contacts0_ inner join addressbook contactdat1_ on contacts0_.id=contactdat1_.id where contacts0_.group_id=?
Hibernate: select contacts0_.group_id as group_id2_0_0_, contacts0_.id as id1_0_0_, contactdat1_.id as id1_1_1_, contactdat1_.firstname as firstnam2_1_1_, contactdat1_.home as home3_1_1_, contactdat1_.lastname as lastname4_1_1_, contactdat1_.mobile as mobile5_1_1_, contactdat1_.work as work6_1_1_ from address_in_groups contacts0_ inner join addressbook contactdat1_ on contacts0_.id=contactdat1_.id where contacts0_.group_id=?
Hibernate: select contacts0_.group_id as group_id2_0_0_, contacts0_.id as id1_0_0_, contactdat1_.id as id1_1_1_, contactdat1_.firstname as firstnam2_1_1_, contactdat1_.home as home3_1_1_, contactdat1_.lastname as lastname4_1_1_, contactdat1_.mobile as mobile5_1_1_, contactdat1_.work as work6_1_1_ from address_in_groups contacts0_ inner join addressbook contactdat1_ on contacts0_.id=contactdat1_.id where contacts0_.group_id=?
Hibernate: select groupdata0_.group_id as group_id1_2_, groupdata0_.group_footer as group_fo2_2_, groupdata0_.group_header as group_he3_2_, groupdata0_.group_name as group_na4_2_ from group_list groupdata0_
Hibernate: select contacts0_.group_id as group_id2_0_0_, contacts0_.id as id1_0_0_, contactdat1_.id as id1_1_1_, contactdat1_.firstname as firstnam2_1_1_, contactdat1_.home as home3_1_1_, contactdat1_.lastname as lastname4_1_1_, contactdat1_.mobile as mobile5_1_1_, contactdat1_.work as work6_1_1_ from address_in_groups contacts0_ inner join addressbook contactdat1_ on contacts0_.id=contactdat1_.id where contacts0_.group_id=?
Hibernate: select contacts0_.group_id as group_id2_0_0_, contacts0_.id as id1_0_0_, contactdat1_.id as id1_1_1_, contactdat1_.firstname as firstnam2_1_1_, contactdat1_.home as home3_1_1_, contactdat1_.lastname as lastname4_1_1_, contactdat1_.mobile as mobile5_1_1_, contactdat1_.work as work6_1_1_ from address_in_groups contacts0_ inner join addressbook contactdat1_ on contacts0_.id=contactdat1_.id where contacts0_.group_id=?
Hibernate: select contacts0_.group_id as group_id2_0_0_, contacts0_.id as id1_0_0_, contactdat1_.id as id1_1_1_, contactdat1_.firstname as firstnam2_1_1_, contactdat1_.home as home3_1_1_, contactdat1_.lastname as lastname4_1_1_, contactdat1_.mobile as mobile5_1_1_, contactdat1_.work as work6_1_1_ from address_in_groups contacts0_ inner join addressbook contactdat1_ on contacts0_.id=contactdat1_.id where contacts0_.group_id=?
Hibernate: select contacts0_.group_id as group_id2_0_0_, contacts0_.id as id1_0_0_, contactdat1_.id as id1_1_1_, contactdat1_.firstname as firstnam2_1_1_, contactdat1_.home as home3_1_1_, contactdat1_.lastname as lastname4_1_1_, contactdat1_.mobile as mobile5_1_1_, contactdat1_.work as work6_1_1_ from address_in_groups contacts0_ inner join addressbook contactdat1_ on contacts0_.id=contactdat1_.id where contacts0_.group_id=?
Hibernate: select contacts0_.group_id as group_id2_0_0_, contacts0_.id as id1_0_0_, contactdat1_.id as id1_1_1_, contactdat1_.firstname as firstnam2_1_1_, contactdat1_.home as home3_1_1_, contactdat1_.lastname as lastname4_1_1_, contactdat1_.mobile as mobile5_1_1_, contactdat1_.work as work6_1_1_ from address_in_groups contacts0_ inner join addressbook contactdat1_ on contacts0_.id=contactdat1_.id where contacts0_.group_id=?
Hibernate: select contacts0_.group_id as group_id2_0_0_, contacts0_.id as id1_0_0_, contactdat1_.id as id1_1_1_, contactdat1_.firstname as firstnam2_1_1_, contactdat1_.home as home3_1_1_, contactdat1_.lastname as lastname4_1_1_, contactdat1_.mobile as mobile5_1_1_, contactdat1_.work as work6_1_1_ from address_in_groups contacts0_ inner join addressbook contactdat1_ on contacts0_.id=contactdat1_.id where contacts0_.group_id=?
Hibernate: select contacts0_.group_id as group_id2_0_0_, contacts0_.id as id1_0_0_, contactdat1_.id as id1_1_1_, contactdat1_.firstname as firstnam2_1_1_, contactdat1_.home as home3_1_1_, contactdat1_.lastname as lastname4_1_1_, contactdat1_.mobile as mobile5_1_1_, contactdat1_.work as work6_1_1_ from address_in_groups contacts0_ inner join addressbook contactdat1_ on contacts0_.id=contactdat1_.id where contacts0_.group_id=?
Hibernate: select contacts0_.group_id as group_id2_0_0_, contacts0_.id as id1_0_0_, contactdat1_.id as id1_1_1_, contactdat1_.firstname as firstnam2_1_1_, contactdat1_.home as home3_1_1_, contactdat1_.lastname as lastname4_1_1_, contactdat1_.mobile as mobile5_1_1_, contactdat1_.work as work6_1_1_ from address_in_groups contacts0_ inner join addressbook contactdat1_ on contacts0_.id=contactdat1_.id where contacts0_.group_id=?
Hibernate: select contacts0_.group_id as group_id2_0_0_, contacts0_.id as id1_0_0_, contactdat1_.id as id1_1_1_, contactdat1_.firstname as firstnam2_1_1_, contactdat1_.home as home3_1_1_, contactdat1_.lastname as lastname4_1_1_, contactdat1_.mobile as mobile5_1_1_, contactdat1_.work as work6_1_1_ from address_in_groups contacts0_ inner join addressbook contactdat1_ on contacts0_.id=contactdat1_.id where contacts0_.group_id=?
Hibernate: select contacts0_.group_id as group_id2_0_0_, contacts0_.id as id1_0_0_, contactdat1_.id as id1_1_1_, contactdat1_.firstname as firstnam2_1_1_, contactdat1_.home as home3_1_1_, contactdat1_.lastname as lastname4_1_1_, contactdat1_.mobile as mobile5_1_1_, contactdat1_.work as work6_1_1_ from address_in_groups contacts0_ inner join addressbook contactdat1_ on contacts0_.id=contactdat1_.id where contacts0_.group_id=?
Hibernate: select contacts0_.group_id as group_id2_0_0_, contacts0_.id as id1_0_0_, contactdat1_.id as id1_1_1_, contactdat1_.firstname as firstnam2_1_1_, contactdat1_.home as home3_1_1_, contactdat1_.lastname as lastname4_1_1_, contactdat1_.mobile as mobile5_1_1_, contactdat1_.work as work6_1_1_ from address_in_groups contacts0_ inner join addressbook contactdat1_ on contacts0_.id=contactdat1_.id where contacts0_.group_id=?
Hibernate: select contacts0_.group_id as group_id2_0_0_, contacts0_.id as id1_0_0_, contactdat1_.id as id1_1_1_, contactdat1_.firstname as firstnam2_1_1_, contactdat1_.home as home3_1_1_, contactdat1_.lastname as lastname4_1_1_, contactdat1_.mobile as mobile5_1_1_, contactdat1_.work as work6_1_1_ from address_in_groups contacts0_ inner join addressbook contactdat1_ on contacts0_.id=contactdat1_.id where contacts0_.group_id=?
Hibernate: select contacts0_.group_id as group_id2_0_0_, contacts0_.id as id1_0_0_, contactdat1_.id as id1_1_1_, contactdat1_.firstname as firstnam2_1_1_, contactdat1_.home as home3_1_1_, contactdat1_.lastname as lastname4_1_1_, contactdat1_.mobile as mobile5_1_1_, contactdat1_.work as work6_1_1_ from address_in_groups contacts0_ inner join addressbook contactdat1_ on contacts0_.id=contactdat1_.id where contacts0_.group_id=?
Hibernate: select contacts0_.group_id as group_id2_0_0_, contacts0_.id as id1_0_0_, contactdat1_.id as id1_1_1_, contactdat1_.firstname as firstnam2_1_1_, contactdat1_.home as home3_1_1_, contactdat1_.lastname as lastname4_1_1_, contactdat1_.mobile as mobile5_1_1_, contactdat1_.work as work6_1_1_ from address_in_groups contacts0_ inner join addressbook contactdat1_ on contacts0_.id=contactdat1_.id where contacts0_.group_id=?
Hibernate: select contacts0_.group_id as group_id2_0_0_, contacts0_.id as id1_0_0_, contactdat1_.id as id1_1_1_, contactdat1_.firstname as firstnam2_1_1_, contactdat1_.home as home3_1_1_, contactdat1_.lastname as lastname4_1_1_, contactdat1_.mobile as mobile5_1_1_, contactdat1_.work as work6_1_1_ from address_in_groups contacts0_ inner join addressbook contactdat1_ on contacts0_.id=contactdat1_.id where contacts0_.group_id=?
Hibernate: select contacts0_.group_id as group_id2_0_0_, contacts0_.id as id1_0_0_, contactdat1_.id as id1_1_1_, contactdat1_.firstname as firstnam2_1_1_, contactdat1_.home as home3_1_1_, contactdat1_.lastname as lastname4_1_1_, contactdat1_.mobile as mobile5_1_1_, contactdat1_.work as work6_1_1_ from address_in_groups contacts0_ inner join addressbook contactdat1_ on contacts0_.id=contactdat1_.id where contacts0_.group_id=?
Hibernate: select contacts0_.group_id as group_id2_0_0_, contacts0_.id as id1_0_0_, contactdat1_.id as id1_1_1_, contactdat1_.firstname as firstnam2_1_1_, contactdat1_.home as home3_1_1_, contactdat1_.lastname as lastname4_1_1_, contactdat1_.mobile as mobile5_1_1_, contactdat1_.work as work6_1_1_ from address_in_groups contacts0_ inner join addressbook contactdat1_ on contacts0_.id=contactdat1_.id where contacts0_.group_id=?
Hibernate: select contacts0_.group_id as group_id2_0_0_, contacts0_.id as id1_0_0_, contactdat1_.id as id1_1_1_, contactdat1_.firstname as firstnam2_1_1_, contactdat1_.home as home3_1_1_, contactdat1_.lastname as lastname4_1_1_, contactdat1_.mobile as mobile5_1_1_, contactdat1_.work as work6_1_1_ from address_in_groups contacts0_ inner join addressbook contactdat1_ on contacts0_.id=contactdat1_.id where contacts0_.group_id=?
Hibernate: select contacts0_.group_id as group_id2_0_0_, contacts0_.id as id1_0_0_, contactdat1_.id as id1_1_1_, contactdat1_.firstname as firstnam2_1_1_, contactdat1_.home as home3_1_1_, contactdat1_.lastname as lastname4_1_1_, contactdat1_.mobile as mobile5_1_1_, contactdat1_.work as work6_1_1_ from address_in_groups contacts0_ inner join addressbook contactdat1_ on contacts0_.id=contactdat1_.id where contacts0_.group_id=?
Hibernate: select contacts0_.group_id as group_id2_0_0_, contacts0_.id as id1_0_0_, contactdat1_.id as id1_1_1_, contactdat1_.firstname as firstnam2_1_1_, contactdat1_.home as home3_1_1_, contactdat1_.lastname as lastname4_1_1_, contactdat1_.mobile as mobile5_1_1_, contactdat1_.work as work6_1_1_ from address_in_groups contacts0_ inner join addressbook contactdat1_ on contacts0_.id=contactdat1_.id where contacts0_.group_id=?
Hibernate: select contacts0_.group_id as group_id2_0_0_, contacts0_.id as id1_0_0_, contactdat1_.id as id1_1_1_, contactdat1_.firstname as firstnam2_1_1_, contactdat1_.home as home3_1_1_, contactdat1_.lastname as lastname4_1_1_, contactdat1_.mobile as mobile5_1_1_, contactdat1_.work as work6_1_1_ from address_in_groups contacts0_ inner join addressbook contactdat1_ on contacts0_.id=contactdat1_.id where contacts0_.group_id=?
Hibernate: select contacts0_.group_id as group_id2_0_0_, contacts0_.id as id1_0_0_, contactdat1_.id as id1_1_1_, contactdat1_.firstname as firstnam2_1_1_, contactdat1_.home as home3_1_1_, contactdat1_.lastname as lastname4_1_1_, contactdat1_.mobile as mobile5_1_1_, contactdat1_.work as work6_1_1_ from address_in_groups contacts0_ inner join addressbook contactdat1_ on contacts0_.id=contactdat1_.id where contacts0_.group_id=?
Hibernate: select contacts0_.group_id as group_id2_0_0_, contacts0_.id as id1_0_0_, contactdat1_.id as id1_1_1_, contactdat1_.firstname as firstnam2_1_1_, contactdat1_.home as home3_1_1_, contactdat1_.lastname as lastname4_1_1_, contactdat1_.mobile as mobile5_1_1_, contactdat1_.work as work6_1_1_ from address_in_groups contacts0_ inner join addressbook contactdat1_ on contacts0_.id=contactdat1_.id where contacts0_.group_id=?
Hibernate: select contacts0_.group_id as group_id2_0_0_, contacts0_.id as id1_0_0_, contactdat1_.id as id1_1_1_, contactdat1_.firstname as firstnam2_1_1_, contactdat1_.home as home3_1_1_, contactdat1_.lastname as lastname4_1_1_, contactdat1_.mobile as mobile5_1_1_, contactdat1_.work as work6_1_1_ from address_in_groups contacts0_ inner join addressbook contactdat1_ on contacts0_.id=contactdat1_.id where contacts0_.group_id=?
Hibernate: select contacts0_.group_id as group_id2_0_0_, contacts0_.id as id1_0_0_, contactdat1_.id as id1_1_1_, contactdat1_.firstname as firstnam2_1_1_, contactdat1_.home as home3_1_1_, contactdat1_.lastname as lastname4_1_1_, contactdat1_.mobile as mobile5_1_1_, contactdat1_.work as work6_1_1_ from address_in_groups contacts0_ inner join addressbook contactdat1_ on contacts0_.id=contactdat1_.id where contacts0_.group_id=?
Hibernate: select contacts0_.group_id as group_id2_0_0_, contacts0_.id as id1_0_0_, contactdat1_.id as id1_1_1_, contactdat1_.firstname as firstnam2_1_1_, contactdat1_.home as home3_1_1_, contactdat1_.lastname as lastname4_1_1_, contactdat1_.mobile as mobile5_1_1_, contactdat1_.work as work6_1_1_ from address_in_groups contacts0_ inner join addressbook contactdat1_ on contacts0_.id=contactdat1_.id where contacts0_.group_id=?
Hibernate: select contacts0_.group_id as group_id2_0_0_, contacts0_.id as id1_0_0_, contactdat1_.id as id1_1_1_, contactdat1_.firstname as firstnam2_1_1_, contactdat1_.home as home3_1_1_, contactdat1_.lastname as lastname4_1_1_, contactdat1_.mobile as mobile5_1_1_, contactdat1_.work as work6_1_1_ from address_in_groups contacts0_ inner join addressbook contactdat1_ on contacts0_.id=contactdat1_.id where contacts0_.group_id=?
Hibernate: select contacts0_.group_id as group_id2_0_0_, contacts0_.id as id1_0_0_, contactdat1_.id as id1_1_1_, contactdat1_.firstname as firstnam2_1_1_, contactdat1_.home as home3_1_1_, contactdat1_.lastname as lastname4_1_1_, contactdat1_.mobile as mobile5_1_1_, contactdat1_.work as work6_1_1_ from address_in_groups contacts0_ inner join addressbook contactdat1_ on contacts0_.id=contactdat1_.id where contacts0_.group_id=?
Hibernate: select contacts0_.group_id as group_id2_0_0_, contacts0_.id as id1_0_0_, contactdat1_.id as id1_1_1_, contactdat1_.firstname as firstnam2_1_1_, contactdat1_.home as home3_1_1_, contactdat1_.lastname as lastname4_1_1_, contactdat1_.mobile as mobile5_1_1_, contactdat1_.work as work6_1_1_ from address_in_groups contacts0_ inner join addressbook contactdat1_ on contacts0_.id=contactdat1_.id where contacts0_.group_id=?
Hibernate: select contacts0_.group_id as group_id2_0_0_, contacts0_.id as id1_0_0_, contactdat1_.id as id1_1_1_, contactdat1_.firstname as firstnam2_1_1_, contactdat1_.home as home3_1_1_, contactdat1_.lastname as lastname4_1_1_, contactdat1_.mobile as mobile5_1_1_, contactdat1_.work as work6_1_1_ from address_in_groups contacts0_ inner join addressbook contactdat1_ on contacts0_.id=contactdat1_.id where contacts0_.group_id=?
Hibernate: select contacts0_.group_id as group_id2_0_0_, contacts0_.id as id1_0_0_, contactdat1_.id as id1_1_1_, contactdat1_.firstname as firstnam2_1_1_, contactdat1_.home as home3_1_1_, contactdat1_.lastname as lastname4_1_1_, contactdat1_.mobile as mobile5_1_1_, contactdat1_.work as work6_1_1_ from address_in_groups contacts0_ inner join addressbook contactdat1_ on contacts0_.id=contactdat1_.id where contacts0_.group_id=?
Hibernate: select contacts0_.group_id as group_id2_0_0_, contacts0_.id as id1_0_0_, contactdat1_.id as id1_1_1_, contactdat1_.firstname as firstnam2_1_1_, contactdat1_.home as home3_1_1_, contactdat1_.lastname as lastname4_1_1_, contactdat1_.mobile as mobile5_1_1_, contactdat1_.work as work6_1_1_ from address_in_groups contacts0_ inner join addressbook contactdat1_ on contacts0_.id=contactdat1_.id where contacts0_.group_id=?
Hibernate: select groups0_.id as id1_0_0_, groups0_.group_id as group_id2_0_0_, groupdata1_.group_id as group_id1_2_1_, groupdata1_.group_footer as group_fo2_2_1_, groupdata1_.group_header as group_he3_2_1_, groupdata1_.group_name as group_na4_2_1_ from address_in_groups groups0_ inner join group_list groupdata1_ on groups0_.group_id=groupdata1_.group_id where groups0_.id=?
Hibernate: select contacts0_.group_id as group_id2_0_0_, contacts0_.id as id1_0_0_, contactdat1_.id as id1_1_1_, contactdat1_.firstname as firstnam2_1_1_, contactdat1_.home as home3_1_1_, contactdat1_.lastname as lastname4_1_1_, contactdat1_.mobile as mobile5_1_1_, contactdat1_.work as work6_1_1_ from address_in_groups contacts0_ inner join addressbook contactdat1_ on contacts0_.id=contactdat1_.id where contacts0_.group_id=?
Hibernate: select contacts0_.group_id as group_id2_0_0_, contacts0_.id as id1_0_0_, contactdat1_.id as id1_1_1_, contactdat1_.firstname as firstnam2_1_1_, contactdat1_.home as home3_1_1_, contactdat1_.lastname as lastname4_1_1_, contactdat1_.mobile as mobile5_1_1_, contactdat1_.work as work6_1_1_ from address_in_groups contacts0_ inner join addressbook contactdat1_ on contacts0_.id=contactdat1_.id where contacts0_.group_id=?
Hibernate: select contacts0_.group_id as group_id2_0_0_, contacts0_.id as id1_0_0_, contactdat1_.id as id1_1_1_, contactdat1_.firstname as firstnam2_1_1_, contactdat1_.home as home3_1_1_, contactdat1_.lastname as lastname4_1_1_, contactdat1_.mobile as mobile5_1_1_, contactdat1_.work as work6_1_1_ from address_in_groups contacts0_ inner join addressbook contactdat1_ on contacts0_.id=contactdat1_.id where contacts0_.group_id=?
Hibernate: select contacts0_.group_id as group_id2_0_0_, contacts0_.id as id1_0_0_, contactdat1_.id as id1_1_1_, contactdat1_.firstname as firstnam2_1_1_, contactdat1_.home as home3_1_1_, contactdat1_.lastname as lastname4_1_1_, contactdat1_.mobile as mobile5_1_1_, contactdat1_.work as work6_1_1_ from address_in_groups contacts0_ inner join addressbook contactdat1_ on contacts0_.id=contactdat1_.id where contacts0_.group_id=?
Hibernate: select contacts0_.group_id as group_id2_0_0_, contacts0_.id as id1_0_0_, contactdat1_.id as id1_1_1_, contactdat1_.firstname as firstnam2_1_1_, contactdat1_.home as home3_1_1_, contactdat1_.lastname as lastname4_1_1_, contactdat1_.mobile as mobile5_1_1_, contactdat1_.work as work6_1_1_ from address_in_groups contacts0_ inner join addressbook contactdat1_ on contacts0_.id=contactdat1_.id where contacts0_.group_id=?
Hibernate: select groupdata0_.group_id as group_id1_2_, groupdata0_.group_footer as group_fo2_2_, groupdata0_.group_header as group_he3_2_, groupdata0_.group_name as group_na4_2_ from group_list groupdata0_
Hibernate: select contacts0_.group_id as group_id2_0_0_, contacts0_.id as id1_0_0_, contactdat1_.id as id1_1_1_, contactdat1_.firstname as firstnam2_1_1_, contactdat1_.home as home3_1_1_, contactdat1_.lastname as lastname4_1_1_, contactdat1_.mobile as mobile5_1_1_, contactdat1_.work as work6_1_1_ from address_in_groups contacts0_ inner join addressbook contactdat1_ on contacts0_.id=contactdat1_.id where contacts0_.group_id=?
Hibernate: select contacts0_.group_id as group_id2_0_0_, contacts0_.id as id1_0_0_, contactdat1_.id as id1_1_1_, contactdat1_.firstname as firstnam2_1_1_, contactdat1_.home as home3_1_1_, contactdat1_.lastname as lastname4_1_1_, contactdat1_.mobile as mobile5_1_1_, contactdat1_.work as work6_1_1_ from address_in_groups contacts0_ inner join addressbook contactdat1_ on contacts0_.id=contactdat1_.id where contacts0_.group_id=?
Hibernate: select contacts0_.group_id as group_id2_0_0_, contacts0_.id as id1_0_0_, contactdat1_.id as id1_1_1_, contactdat1_.firstname as firstnam2_1_1_, contactdat1_.home as home3_1_1_, contactdat1_.lastname as lastname4_1_1_, contactdat1_.mobile as mobile5_1_1_, contactdat1_.work as work6_1_1_ from address_in_groups contacts0_ inner join addressbook contactdat1_ on contacts0_.id=contactdat1_.id where contacts0_.group_id=?
Hibernate: select contacts0_.group_id as group_id2_0_0_, contacts0_.id as id1_0_0_, contactdat1_.id as id1_1_1_, contactdat1_.firstname as firstnam2_1_1_, contactdat1_.home as home3_1_1_, contactdat1_.lastname as lastname4_1_1_, contactdat1_.mobile as mobile5_1_1_, contactdat1_.work as work6_1_1_ from address_in_groups contacts0_ inner join addressbook contactdat1_ on contacts0_.id=contactdat1_.id where contacts0_.group_id=?
Hibernate: select contacts0_.group_id as group_id2_0_0_, contacts0_.id as id1_0_0_, contactdat1_.id as id1_1_1_, contactdat1_.firstname as firstnam2_1_1_, contactdat1_.home as home3_1_1_, contactdat1_.lastname as lastname4_1_1_, contactdat1_.mobile as mobile5_1_1_, contactdat1_.work as work6_1_1_ from address_in_groups contacts0_ inner join addressbook contactdat1_ on contacts0_.id=contactdat1_.id where contacts0_.group_id=?
Hibernate: select contacts0_.group_id as group_id2_0_0_, contacts0_.id as id1_0_0_, contactdat1_.id as id1_1_1_, contactdat1_.firstname as firstnam2_1_1_, contactdat1_.home as home3_1_1_, contactdat1_.lastname as lastname4_1_1_, contactdat1_.mobile as mobile5_1_1_, contactdat1_.work as work6_1_1_ from address_in_groups contacts0_ inner join addressbook contactdat1_ on contacts0_.id=contactdat1_.id where contacts0_.group_id=?
Hibernate: select contacts0_.group_id as group_id2_0_0_, contacts0_.id as id1_0_0_, contactdat1_.id as id1_1_1_, contactdat1_.firstname as firstnam2_1_1_, contactdat1_.home as home3_1_1_, contactdat1_.lastname as lastname4_1_1_, contactdat1_.mobile as mobile5_1_1_, contactdat1_.work as work6_1_1_ from address_in_groups contacts0_ inner join addressbook contactdat1_ on contacts0_.id=contactdat1_.id where contacts0_.group_id=?
Hibernate: select contacts0_.group_id as group_id2_0_0_, contacts0_.id as id1_0_0_, contactdat1_.id as id1_1_1_, contactdat1_.firstname as firstnam2_1_1_, contactdat1_.home as home3_1_1_, contactdat1_.lastname as lastname4_1_1_, contactdat1_.mobile as mobile5_1_1_, contactdat1_.work as work6_1_1_ from address_in_groups contacts0_ inner join addressbook contactdat1_ on contacts0_.id=contactdat1_.id where contacts0_.group_id=?
Hibernate: select contacts0_.group_id as group_id2_0_0_, contacts0_.id as id1_0_0_, contactdat1_.id as id1_1_1_, contactdat1_.firstname as firstnam2_1_1_, contactdat1_.home as home3_1_1_, contactdat1_.lastname as lastname4_1_1_, contactdat1_.mobile as mobile5_1_1_, contactdat1_.work as work6_1_1_ from address_in_groups contacts0_ inner join addressbook contactdat1_ on contacts0_.id=contactdat1_.id where contacts0_.group_id=?
Hibernate: select contacts0_.group_id as group_id2_0_0_, contacts0_.id as id1_0_0_, contactdat1_.id as id1_1_1_, contactdat1_.firstname as firstnam2_1_1_, contactdat1_.home as home3_1_1_, contactdat1_.lastname as lastname4_1_1_, contactdat1_.mobile as mobile5_1_1_, contactdat1_.work as work6_1_1_ from address_in_groups contacts0_ inner join addressbook contactdat1_ on contacts0_.id=contactdat1_.id where contacts0_.group_id=?
Hibernate: select contacts0_.group_id as group_id2_0_0_, contacts0_.id as id1_0_0_, contactdat1_.id as id1_1_1_, contactdat1_.firstname as firstnam2_1_1_, contactdat1_.home as home3_1_1_, contactdat1_.lastname as lastname4_1_1_, contactdat1_.mobile as mobile5_1_1_, contactdat1_.work as work6_1_1_ from address_in_groups contacts0_ inner join addressbook contactdat1_ on contacts0_.id=contactdat1_.id where contacts0_.group_id=?
Hibernate: select contacts0_.group_id as group_id2_0_0_, contacts0_.id as id1_0_0_, contactdat1_.id as id1_1_1_, contactdat1_.firstname as firstnam2_1_1_, contactdat1_.home as home3_1_1_, contactdat1_.lastname as lastname4_1_1_, contactdat1_.mobile as mobile5_1_1_, contactdat1_.work as work6_1_1_ from address_in_groups contacts0_ inner join addressbook contactdat1_ on contacts0_.id=contactdat1_.id where contacts0_.group_id=?
Hibernate: select contacts0_.group_id as group_id2_0_0_, contacts0_.id as id1_0_0_, contactdat1_.id as id1_1_1_, contactdat1_.firstname as firstnam2_1_1_, contactdat1_.home as home3_1_1_, contactdat1_.lastname as lastname4_1_1_, contactdat1_.mobile as mobile5_1_1_, contactdat1_.work as work6_1_1_ from address_in_groups contacts0_ inner join addressbook contactdat1_ on contacts0_.id=contactdat1_.id where contacts0_.group_id=?
Hibernate: select contacts0_.group_id as group_id2_0_0_, contacts0_.id as id1_0_0_, contactdat1_.id as id1_1_1_, contactdat1_.firstname as firstnam2_1_1_, contactdat1_.home as home3_1_1_, contactdat1_.lastname as lastname4_1_1_, contactdat1_.mobile as mobile5_1_1_, contactdat1_.work as work6_1_1_ from address_in_groups contacts0_ inner join addressbook contactdat1_ on contacts0_.id=contactdat1_.id where contacts0_.group_id=?
Hibernate: select contacts0_.group_id as group_id2_0_0_, contacts0_.id as id1_0_0_, contactdat1_.id as id1_1_1_, contactdat1_.firstname as firstnam2_1_1_, contactdat1_.home as home3_1_1_, contactdat1_.lastname as lastname4_1_1_, contactdat1_.mobile as mobile5_1_1_, contactdat1_.work as work6_1_1_ from address_in_groups contacts0_ inner join addressbook contactdat1_ on contacts0_.id=contactdat1_.id where contacts0_.group_id=?
Hibernate: select contacts0_.group_id as group_id2_0_0_, contacts0_.id as id1_0_0_, contactdat1_.id as id1_1_1_, contactdat1_.firstname as firstnam2_1_1_, contactdat1_.home as home3_1_1_, contactdat1_.lastname as lastname4_1_1_, contactdat1_.mobile as mobile5_1_1_, contactdat1_.work as work6_1_1_ from address_in_groups contacts0_ inner join addressbook contactdat1_ on contacts0_.id=contactdat1_.id where contacts0_.group_id=?
Hibernate: select contacts0_.group_id as group_id2_0_0_, contacts0_.id as id1_0_0_, contactdat1_.id as id1_1_1_, contactdat1_.firstname as firstnam2_1_1_, contactdat1_.home as home3_1_1_, contactdat1_.lastname as lastname4_1_1_, contactdat1_.mobile as mobile5_1_1_, contactdat1_.work as work6_1_1_ from address_in_groups contacts0_ inner join addressbook contactdat1_ on contacts0_.id=contactdat1_.id where contacts0_.group_id=?
Hibernate: select contacts0_.group_id as group_id2_0_0_, contacts0_.id as id1_0_0_, contactdat1_.id as id1_1_1_, contactdat1_.firstname as firstnam2_1_1_, contactdat1_.home as home3_1_1_, contactdat1_.lastname as lastname4_1_1_, contactdat1_.mobile as mobile5_1_1_, contactdat1_.work as work6_1_1_ from address_in_groups contacts0_ inner join addressbook contactdat1_ on contacts0_.id=contactdat1_.id where contacts0_.group_id=?
Hibernate: select contacts0_.group_id as group_id2_0_0_, contacts0_.id as id1_0_0_, contactdat1_.id as id1_1_1_, contactdat1_.firstname as firstnam2_1_1_, contactdat1_.home as home3_1_1_, contactdat1_.lastname as lastname4_1_1_, contactdat1_.mobile as mobile5_1_1_, contactdat1_.work as work6_1_1_ from address_in_groups contacts0_ inner join addressbook contactdat1_ on contacts0_.id=contactdat1_.id where contacts0_.group_id=?
Hibernate: select contacts0_.group_id as group_id2_0_0_, contacts0_.id as id1_0_0_, contactdat1_.id as id1_1_1_, contactdat1_.firstname as firstnam2_1_1_, contactdat1_.home as home3_1_1_, contactdat1_.lastname as lastname4_1_1_, contactdat1_.mobile as mobile5_1_1_, contactdat1_.work as work6_1_1_ from address_in_groups contacts0_ inner join addressbook contactdat1_ on contacts0_.id=contactdat1_.id where contacts0_.group_id=?
Hibernate: select contacts0_.group_id as group_id2_0_0_, contacts0_.id as id1_0_0_, contactdat1_.id as id1_1_1_, contactdat1_.firstname as firstnam2_1_1_, contactdat1_.home as home3_1_1_, contactdat1_.lastname as lastname4_1_1_, contactdat1_.mobile as mobile5_1_1_, contactdat1_.work as work6_1_1_ from address_in_groups contacts0_ inner join addressbook contactdat1_ on contacts0_.id=contactdat1_.id where contacts0_.group_id=?
Hibernate: select contacts0_.group_id as group_id2_0_0_, contacts0_.id as id1_0_0_, contactdat1_.id as id1_1_1_, contactdat1_.firstname as firstnam2_1_1_, contactdat1_.home as home3_1_1_, contactdat1_.lastname as lastname4_1_1_, contactdat1_.mobile as mobile5_1_1_, contactdat1_.work as work6_1_1_ from address_in_groups contacts0_ inner join addressbook contactdat1_ on contacts0_.id=contactdat1_.id where contacts0_.group_id=?
Hibernate: select contacts0_.group_id as group_id2_0_0_, contacts0_.id as id1_0_0_, contactdat1_.id as id1_1_1_, contactdat1_.firstname as firstnam2_1_1_, contactdat1_.home as home3_1_1_, contactdat1_.lastname as lastname4_1_1_, contactdat1_.mobile as mobile5_1_1_, contactdat1_.work as work6_1_1_ from address_in_groups contacts0_ inner join addressbook contactdat1_ on contacts0_.id=contactdat1_.id where contacts0_.group_id=?
Hibernate: select contacts0_.group_id as group_id2_0_0_, contacts0_.id as id1_0_0_, contactdat1_.id as id1_1_1_, contactdat1_.firstname as firstnam2_1_1_, contactdat1_.home as home3_1_1_, contactdat1_.lastname as lastname4_1_1_, contactdat1_.mobile as mobile5_1_1_, contactdat1_.work as work6_1_1_ from address_in_groups contacts0_ inner join addressbook contactdat1_ on contacts0_.id=contactdat1_.id where contacts0_.group_id=?
Hibernate: select contacts0_.group_id as group_id2_0_0_, contacts0_.id as id1_0_0_, contactdat1_.id as id1_1_1_, contactdat1_.firstname as firstnam2_1_1_, contactdat1_.home as home3_1_1_, contactdat1_.lastname as lastname4_1_1_, contactdat1_.mobile as mobile5_1_1_, contactdat1_.work as work6_1_1_ from address_in_groups contacts0_ inner join addressbook contactdat1_ on contacts0_.id=contactdat1_.id where contacts0_.group_id=?
Hibernate: select contacts0_.group_id as group_id2_0_0_, contacts0_.id as id1_0_0_, contactdat1_.id as id1_1_1_, contactdat1_.firstname as firstnam2_1_1_, contactdat1_.home as home3_1_1_, contactdat1_.lastname as lastname4_1_1_, contactdat1_.mobile as mobile5_1_1_, contactdat1_.work as work6_1_1_ from address_in_groups contacts0_ inner join addressbook contactdat1_ on contacts0_.id=contactdat1_.id where contacts0_.group_id=?
Hibernate: select contacts0_.group_id as group_id2_0_0_, contacts0_.id as id1_0_0_, contactdat1_.id as id1_1_1_, contactdat1_.firstname as firstnam2_1_1_, contactdat1_.home as home3_1_1_, contactdat1_.lastname as lastname4_1_1_, contactdat1_.mobile as mobile5_1_1_, contactdat1_.work as work6_1_1_ from address_in_groups contacts0_ inner join addressbook contactdat1_ on contacts0_.id=contactdat1_.id where contacts0_.group_id=?
Hibernate: select contacts0_.group_id as group_id2_0_0_, contacts0_.id as id1_0_0_, contactdat1_.id as id1_1_1_, contactdat1_.firstname as firstnam2_1_1_, contactdat1_.home as home3_1_1_, contactdat1_.lastname as lastname4_1_1_, contactdat1_.mobile as mobile5_1_1_, contactdat1_.work as work6_1_1_ from address_in_groups contacts0_ inner join addressbook contactdat1_ on contacts0_.id=contactdat1_.id where contacts0_.group_id=?
Hibernate: select contacts0_.group_id as group_id2_0_0_, contacts0_.id as id1_0_0_, contactdat1_.id as id1_1_1_, contactdat1_.firstname as firstnam2_1_1_, contactdat1_.home as home3_1_1_, contactdat1_.lastname as lastname4_1_1_, contactdat1_.mobile as mobile5_1_1_, contactdat1_.work as work6_1_1_ from address_in_groups contacts0_ inner join addressbook contactdat1_ on contacts0_.id=contactdat1_.id where contacts0_.group_id=?
Hibernate: select contacts0_.group_id as group_id2_0_0_, contacts0_.id as id1_0_0_, contactdat1_.id as id1_1_1_, contactdat1_.firstname as firstnam2_1_1_, contactdat1_.home as home3_1_1_, contactdat1_.lastname as lastname4_1_1_, contactdat1_.mobile as mobile5_1_1_, contactdat1_.work as work6_1_1_ from address_in_groups contacts0_ inner join addressbook contactdat1_ on contacts0_.id=contactdat1_.id where contacts0_.group_id=?
Hibernate: select contacts0_.group_id as group_id2_0_0_, contacts0_.id as id1_0_0_, contactdat1_.id as id1_1_1_, contactdat1_.firstname as firstnam2_1_1_, contactdat1_.home as home3_1_1_, contactdat1_.lastname as lastname4_1_1_, contactdat1_.mobile as mobile5_1_1_, contactdat1_.work as work6_1_1_ from address_in_groups contacts0_ inner join addressbook contactdat1_ on contacts0_.id=contactdat1_.id where contacts0_.group_id=?
Hibernate: select contacts0_.group_id as group_id2_0_0_, contacts0_.id as id1_0_0_, contactdat1_.id as id1_1_1_, contactdat1_.firstname as firstnam2_1_1_, contactdat1_.home as home3_1_1_, contactdat1_.lastname as lastname4_1_1_, contactdat1_.mobile as mobile5_1_1_, contactdat1_.work as work6_1_1_ from address_in_groups contacts0_ inner join addressbook contactdat1_ on contacts0_.id=contactdat1_.id where contacts0_.group_id=?
Hibernate: select groups0_.id as id1_0_0_, groups0_.group_id as group_id2_0_0_, groupdata1_.group_id as group_id1_2_1_, groupdata1_.group_footer as group_fo2_2_1_, groupdata1_.group_header as group_he3_2_1_, groupdata1_.group_name as group_na4_2_1_ from address_in_groups groups0_ inner join group_list groupdata1_ on groups0_.group_id=groupdata1_.group_id where groups0_.id=?
Hibernate: select contacts0_.group_id as group_id2_0_0_, contacts0_.id as id1_0_0_, contactdat1_.id as id1_1_1_, contactdat1_.firstname as firstnam2_1_1_, contactdat1_.home as home3_1_1_, contactdat1_.lastname as lastname4_1_1_, contactdat1_.mobile as mobile5_1_1_, contactdat1_.work as work6_1_1_ from address_in_groups contacts0_ inner join addressbook contactdat1_ on contacts0_.id=contactdat1_.id where contacts0_.group_id=?
Hibernate: select contacts0_.group_id as group_id2_0_0_, contacts0_.id as id1_0_0_, contactdat1_.id as id1_1_1_, contactdat1_.firstname as firstnam2_1_1_, contactdat1_.home as home3_1_1_, contactdat1_.lastname as lastname4_1_1_, contactdat1_.mobile as mobile5_1_1_, contactdat1_.work as work6_1_1_ from address_in_groups contacts0_ inner join addressbook contactdat1_ on contacts0_.id=contactdat1_.id where contacts0_.group_id=?
Hibernate: select contacts0_.group_id as group_id2_0_0_, contacts0_.id as id1_0_0_, contactdat1_.id as id1_1_1_, contactdat1_.firstname as firstnam2_1_1_, contactdat1_.home as home3_1_1_, contactdat1_.lastname as lastname4_1_1_, contactdat1_.mobile as mobile5_1_1_, contactdat1_.work as work6_1_1_ from address_in_groups contacts0_ inner join addressbook contactdat1_ on contacts0_.id=contactdat1_.id where contacts0_.group_id=?
Hibernate: select contacts0_.group_id as group_id2_0_0_, contacts0_.id as id1_0_0_, contactdat1_.id as id1_1_1_, contactdat1_.firstname as firstnam2_1_1_, contactdat1_.home as home3_1_1_, contactdat1_.lastname as lastname4_1_1_, contactdat1_.mobile as mobile5_1_1_, contactdat1_.work as work6_1_1_ from address_in_groups contacts0_ inner join addressbook contactdat1_ on contacts0_.id=contactdat1_.id where contacts0_.group_id=?
Hibernate: select contacts0_.group_id as group_id2_0_0_, contacts0_.id as id1_0_0_, contactdat1_.id as id1_1_1_, contactdat1_.firstname as firstnam2_1_1_, contactdat1_.home as home3_1_1_, contactdat1_.lastname as lastname4_1_1_, contactdat1_.mobile as mobile5_1_1_, contactdat1_.work as work6_1_1_ from address_in_groups contacts0_ inner join addressbook contactdat1_ on contacts0_.id=contactdat1_.id where contacts0_.group_id=?
Hibernate: select groupdata0_.group_id as group_id1_2_, groupdata0_.group_footer as group_fo2_2_, groupdata0_.group_header as group_he3_2_, groupdata0_.group_name as group_na4_2_ from group_list groupdata0_
Hibernate: select contacts0_.group_id as group_id2_0_0_, contacts0_.id as id1_0_0_, contactdat1_.id as id1_1_1_, contactdat1_.firstname as firstnam2_1_1_, contactdat1_.home as home3_1_1_, contactdat1_.lastname as lastname4_1_1_, contactdat1_.mobile as mobile5_1_1_, contactdat1_.work as work6_1_1_ from address_in_groups contacts0_ inner join addressbook contactdat1_ on contacts0_.id=contactdat1_.id where contacts0_.group_id=?
Hibernate: select contacts0_.group_id as group_id2_0_0_, contacts0_.id as id1_0_0_, contactdat1_.id as id1_1_1_, contactdat1_.firstname as firstnam2_1_1_, contactdat1_.home as home3_1_1_, contactdat1_.lastname as lastname4_1_1_, contactdat1_.mobile as mobile5_1_1_, contactdat1_.work as work6_1_1_ from address_in_groups contacts0_ inner join addressbook contactdat1_ on contacts0_.id=contactdat1_.id where contacts0_.group_id=?
Hibernate: select contacts0_.group_id as group_id2_0_0_, contacts0_.id as id1_0_0_, contactdat1_.id as id1_1_1_, contactdat1_.firstname as firstnam2_1_1_, contactdat1_.home as home3_1_1_, contactdat1_.lastname as lastname4_1_1_, contactdat1_.mobile as mobile5_1_1_, contactdat1_.work as work6_1_1_ from address_in_groups contacts0_ inner join addressbook contactdat1_ on contacts0_.id=contactdat1_.id where contacts0_.group_id=?
Hibernate: select contacts0_.group_id as group_id2_0_0_, contacts0_.id as id1_0_0_, contactdat1_.id as id1_1_1_, contactdat1_.firstname as firstnam2_1_1_, contactdat1_.home as home3_1_1_, contactdat1_.lastname as lastname4_1_1_, contactdat1_.mobile as mobile5_1_1_, contactdat1_.work as work6_1_1_ from address_in_groups contacts0_ inner join addressbook contactdat1_ on contacts0_.id=contactdat1_.id where contacts0_.group_id=?
Hibernate: select contacts0_.group_id as group_id2_0_0_, contacts0_.id as id1_0_0_, contactdat1_.id as id1_1_1_, contactdat1_.firstname as firstnam2_1_1_, contactdat1_.home as home3_1_1_, contactdat1_.lastname as lastname4_1_1_, contactdat1_.mobile as mobile5_1_1_, contactdat1_.work as work6_1_1_ from address_in_groups contacts0_ inner join addressbook contactdat1_ on contacts0_.id=contactdat1_.id where contacts0_.group_id=?
Hibernate: select contacts0_.group_id as group_id2_0_0_, contacts0_.id as id1_0_0_, contactdat1_.id as id1_1_1_, contactdat1_.firstname as firstnam2_1_1_, contactdat1_.home as home3_1_1_, contactdat1_.lastname as lastname4_1_1_, contactdat1_.mobile as mobile5_1_1_, contactdat1_.work as work6_1_1_ from address_in_groups contacts0_ inner join addressbook contactdat1_ on contacts0_.id=contactdat1_.id where contacts0_.group_id=?
Hibernate: select contacts0_.group_id as group_id2_0_0_, contacts0_.id as id1_0_0_, contactdat1_.id as id1_1_1_, contactdat1_.firstname as firstnam2_1_1_, contactdat1_.home as home3_1_1_, contactdat1_.lastname as lastname4_1_1_, contactdat1_.mobile as mobile5_1_1_, contactdat1_.work as work6_1_1_ from address_in_groups contacts0_ inner join addressbook contactdat1_ on contacts0_.id=contactdat1_.id where contacts0_.group_id=?
Hibernate: select contacts0_.group_id as group_id2_0_0_, contacts0_.id as id1_0_0_, contactdat1_.id as id1_1_1_, contactdat1_.firstname as firstnam2_1_1_, contactdat1_.home as home3_1_1_, contactdat1_.lastname as lastname4_1_1_, contactdat1_.mobile as mobile5_1_1_, contactdat1_.work as work6_1_1_ from address_in_groups contacts0_ inner join addressbook contactdat1_ on contacts0_.id=contactdat1_.id where contacts0_.group_id=?
Hibernate: select contacts0_.group_id as group_id2_0_0_, contacts0_.id as id1_0_0_, contactdat1_.id as id1_1_1_, contactdat1_.firstname as firstnam2_1_1_, contactdat1_.home as home3_1_1_, contactdat1_.lastname as lastname4_1_1_, contactdat1_.mobile as mobile5_1_1_, contactdat1_.work as work6_1_1_ from address_in_groups contacts0_ inner join addressbook contactdat1_ on contacts0_.id=contactdat1_.id where contacts0_.group_id=?
Hibernate: select contacts0_.group_id as group_id2_0_0_, contacts0_.id as id1_0_0_, contactdat1_.id as id1_1_1_, contactdat1_.firstname as firstnam2_1_1_, contactdat1_.home as home3_1_1_, contactdat1_.lastname as lastname4_1_1_, contactdat1_.mobile as mobile5_1_1_, contactdat1_.work as work6_1_1_ from address_in_groups contacts0_ inner join addressbook contactdat1_ on contacts0_.id=contactdat1_.id where contacts0_.group_id=?
Hibernate: select contacts0_.group_id as group_id2_0_0_, contacts0_.id as id1_0_0_, contactdat1_.id as id1_1_1_, contactdat1_.firstname as firstnam2_1_1_, contactdat1_.home as home3_1_1_, contactdat1_.lastname as lastname4_1_1_, contactdat1_.mobile as mobile5_1_1_, contactdat1_.work as work6_1_1_ from address_in_groups contacts0_ inner join addressbook contactdat1_ on contacts0_.id=contactdat1_.id where contacts0_.group_id=?
Hibernate: select contacts0_.group_id as group_id2_0_0_, contacts0_.id as id1_0_0_, contactdat1_.id as id1_1_1_, contactdat1_.firstname as firstnam2_1_1_, contactdat1_.home as home3_1_1_, contactdat1_.lastname as lastname4_1_1_, contactdat1_.mobile as mobile5_1_1_, contactdat1_.work as work6_1_1_ from address_in_groups contacts0_ inner join addressbook contactdat1_ on contacts0_.id=contactdat1_.id where contacts0_.group_id=?
Hibernate: select contacts0_.group_id as group_id2_0_0_, contacts0_.id as id1_0_0_, contactdat1_.id as id1_1_1_, contactdat1_.firstname as firstnam2_1_1_, contactdat1_.home as home3_1_1_, contactdat1_.lastname as lastname4_1_1_, contactdat1_.mobile as mobile5_1_1_, contactdat1_.work as work6_1_1_ from address_in_groups contacts0_ inner join addressbook contactdat1_ on contacts0_.id=contactdat1_.id where contacts0_.group_id=?
Hibernate: select contacts0_.group_id as group_id2_0_0_, contacts0_.id as id1_0_0_, contactdat1_.id as id1_1_1_, contactdat1_.firstname as firstnam2_1_1_, contactdat1_.home as home3_1_1_, contactdat1_.lastname as lastname4_1_1_, contactdat1_.mobile as mobile5_1_1_, contactdat1_.work as work6_1_1_ from address_in_groups contacts0_ inner join addressbook contactdat1_ on contacts0_.id=contactdat1_.id where contacts0_.group_id=?
Hibernate: select contacts0_.group_id as group_id2_0_0_, contacts0_.id as id1_0_0_, contactdat1_.id as id1_1_1_, contactdat1_.firstname as firstnam2_1_1_, contactdat1_.home as home3_1_1_, contactdat1_.lastname as lastname4_1_1_, contactdat1_.mobile as mobile5_1_1_, contactdat1_.work as work6_1_1_ from address_in_groups contacts0_ inner join addressbook contactdat1_ on contacts0_.id=contactdat1_.id where contacts0_.group_id=?
Hibernate: select contacts0_.group_id as group_id2_0_0_, contacts0_.id as id1_0_0_, contactdat1_.id as id1_1_1_, contactdat1_.firstname as firstnam2_1_1_, contactdat1_.home as home3_1_1_, contactdat1_.lastname as lastname4_1_1_, contactdat1_.mobile as mobile5_1_1_, contactdat1_.work as work6_1_1_ from address_in_groups contacts0_ inner join addressbook contactdat1_ on contacts0_.id=contactdat1_.id where contacts0_.group_id=?
Hibernate: select contacts0_.group_id as group_id2_0_0_, contacts0_.id as id1_0_0_, contactdat1_.id as id1_1_1_, contactdat1_.firstname as firstnam2_1_1_, contactdat1_.home as home3_1_1_, contactdat1_.lastname as lastname4_1_1_, contactdat1_.mobile as mobile5_1_1_, contactdat1_.work as work6_1_1_ from address_in_groups contacts0_ inner join addressbook contactdat1_ on contacts0_.id=contactdat1_.id where contacts0_.group_id=?
Hibernate: select contacts0_.group_id as group_id2_0_0_, contacts0_.id as id1_0_0_, contactdat1_.id as id1_1_1_, contactdat1_.firstname as firstnam2_1_1_, contactdat1_.home as home3_1_1_, contactdat1_.lastname as lastname4_1_1_, contactdat1_.mobile as mobile5_1_1_, contactdat1_.work as work6_1_1_ from address_in_groups contacts0_ inner join addressbook contactdat1_ on contacts0_.id=contactdat1_.id where contacts0_.group_id=?
Hibernate: select contacts0_.group_id as group_id2_0_0_, contacts0_.id as id1_0_0_, contactdat1_.id as id1_1_1_, contactdat1_.firstname as firstnam2_1_1_, contactdat1_.home as home3_1_1_, contactdat1_.lastname as lastname4_1_1_, contactdat1_.mobile as mobile5_1_1_, contactdat1_.work as work6_1_1_ from address_in_groups contacts0_ inner join addressbook contactdat1_ on contacts0_.id=contactdat1_.id where contacts0_.group_id=?
Hibernate: select contacts0_.group_id as group_id2_0_0_, contacts0_.id as id1_0_0_, contactdat1_.id as id1_1_1_, contactdat1_.firstname as firstnam2_1_1_, contactdat1_.home as home3_1_1_, contactdat1_.lastname as lastname4_1_1_, contactdat1_.mobile as mobile5_1_1_, contactdat1_.work as work6_1_1_ from address_in_groups contacts0_ inner join addressbook contactdat1_ on contacts0_.id=contactdat1_.id where contacts0_.group_id=?
Hibernate: select contacts0_.group_id as group_id2_0_0_, contacts0_.id as id1_0_0_, contactdat1_.id as id1_1_1_, contactdat1_.firstname as firstnam2_1_1_, contactdat1_.home as home3_1_1_, contactdat1_.lastname as lastname4_1_1_, contactdat1_.mobile as mobile5_1_1_, contactdat1_.work as work6_1_1_ from address_in_groups contacts0_ inner join addressbook contactdat1_ on contacts0_.id=contactdat1_.id where contacts0_.group_id=?
Hibernate: select contacts0_.group_id as group_id2_0_0_, contacts0_.id as id1_0_0_, contactdat1_.id as id1_1_1_, contactdat1_.firstname as firstnam2_1_1_, contactdat1_.home as home3_1_1_, contactdat1_.lastname as lastname4_1_1_, contactdat1_.mobile as mobile5_1_1_, contactdat1_.work as work6_1_1_ from address_in_groups contacts0_ inner join addressbook contactdat1_ on contacts0_.id=contactdat1_.id where contacts0_.group_id=?
Hibernate: select contacts0_.group_id as group_id2_0_0_, contacts0_.id as id1_0_0_, contactdat1_.id as id1_1_1_, contactdat1_.firstname as firstnam2_1_1_, contactdat1_.home as home3_1_1_, contactdat1_.lastname as lastname4_1_1_, contactdat1_.mobile as mobile5_1_1_, contactdat1_.work as work6_1_1_ from address_in_groups contacts0_ inner join addressbook contactdat1_ on contacts0_.id=contactdat1_.id where contacts0_.group_id=?
Hibernate: select contacts0_.group_id as group_id2_0_0_, contacts0_.id as id1_0_0_, contactdat1_.id as id1_1_1_, contactdat1_.firstname as firstnam2_1_1_, contactdat1_.home as home3_1_1_, contactdat1_.lastname as lastname4_1_1_, contactdat1_.mobile as mobile5_1_1_, contactdat1_.work as work6_1_1_ from address_in_groups contacts0_ inner join addressbook contactdat1_ on contacts0_.id=contactdat1_.id where contacts0_.group_id=?
Hibernate: select contacts0_.group_id as group_id2_0_0_, contacts0_.id as id1_0_0_, contactdat1_.id as id1_1_1_, contactdat1_.firstname as firstnam2_1_1_, contactdat1_.home as home3_1_1_, contactdat1_.lastname as lastname4_1_1_, contactdat1_.mobile as mobile5_1_1_, contactdat1_.work as work6_1_1_ from address_in_groups contacts0_ inner join addressbook contactdat1_ on contacts0_.id=contactdat1_.id where contacts0_.group_id=?
Hibernate: select contacts0_.group_id as group_id2_0_0_, contacts0_.id as id1_0_0_, contactdat1_.id as id1_1_1_, contactdat1_.firstname as firstnam2_1_1_, contactdat1_.home as home3_1_1_, contactdat1_.lastname as lastname4_1_1_, contactdat1_.mobile as mobile5_1_1_, contactdat1_.work as work6_1_1_ from address_in_groups contacts0_ inner join addressbook contactdat1_ on contacts0_.id=contactdat1_.id where contacts0_.group_id=?
Hibernate: select contacts0_.group_id as group_id2_0_0_, contacts0_.id as id1_0_0_, contactdat1_.id as id1_1_1_, contactdat1_.firstname as firstnam2_1_1_, contactdat1_.home as home3_1_1_, contactdat1_.lastname as lastname4_1_1_, contactdat1_.mobile as mobile5_1_1_, contactdat1_.work as work6_1_1_ from address_in_groups contacts0_ inner join addressbook contactdat1_ on contacts0_.id=contactdat1_.id where contacts0_.group_id=?
Hibernate: select contacts0_.group_id as group_id2_0_0_, contacts0_.id as id1_0_0_, contactdat1_.id as id1_1_1_, contactdat1_.firstname as firstnam2_1_1_, contactdat1_.home as home3_1_1_, contactdat1_.lastname as lastname4_1_1_, contactdat1_.mobile as mobile5_1_1_, contactdat1_.work as work6_1_1_ from address_in_groups contacts0_ inner join addressbook contactdat1_ on contacts0_.id=contactdat1_.id where contacts0_.group_id=?
Hibernate: select contacts0_.group_id as group_id2_0_0_, contacts0_.id as id1_0_0_, contactdat1_.id as id1_1_1_, contactdat1_.firstname as firstnam2_1_1_, contactdat1_.home as home3_1_1_, contactdat1_.lastname as lastname4_1_1_, contactdat1_.mobile as mobile5_1_1_, contactdat1_.work as work6_1_1_ from address_in_groups contacts0_ inner join addressbook contactdat1_ on contacts0_.id=contactdat1_.id where contacts0_.group_id=?
Hibernate: select contacts0_.group_id as group_id2_0_0_, contacts0_.id as id1_0_0_, contactdat1_.id as id1_1_1_, contactdat1_.firstname as firstnam2_1_1_, contactdat1_.home as home3_1_1_, contactdat1_.lastname as lastname4_1_1_, contactdat1_.mobile as mobile5_1_1_, contactdat1_.work as work6_1_1_ from address_in_groups contacts0_ inner join addressbook contactdat1_ on contacts0_.id=contactdat1_.id where contacts0_.group_id=?
Hibernate: select contacts0_.group_id as group_id2_0_0_, contacts0_.id as id1_0_0_, contactdat1_.id as id1_1_1_, contactdat1_.firstname as firstnam2_1_1_, contactdat1_.home as home3_1_1_, contactdat1_.lastname as lastname4_1_1_, contactdat1_.mobile as mobile5_1_1_, contactdat1_.work as work6_1_1_ from address_in_groups contacts0_ inner join addressbook contactdat1_ on contacts0_.id=contactdat1_.id where contacts0_.group_id=?
Hibernate: select contacts0_.group_id as group_id2_0_0_, contacts0_.id as id1_0_0_, contactdat1_.id as id1_1_1_, contactdat1_.firstname as firstnam2_1_1_, contactdat1_.home as home3_1_1_, contactdat1_.lastname as lastname4_1_1_, contactdat1_.mobile as mobile5_1_1_, contactdat1_.work as work6_1_1_ from address_in_groups contacts0_ inner join addressbook contactdat1_ on contacts0_.id=contactdat1_.id where contacts0_.group_id=?
Hibernate: select contacts0_.group_id as group_id2_0_0_, contacts0_.id as id1_0_0_, contactdat1_.id as id1_1_1_, contactdat1_.firstname as firstnam2_1_1_, contactdat1_.home as home3_1_1_, contactdat1_.lastname as lastname4_1_1_, contactdat1_.mobile as mobile5_1_1_, contactdat1_.work as work6_1_1_ from address_in_groups contacts0_ inner join addressbook contactdat1_ on contacts0_.id=contactdat1_.id where contacts0_.group_id=?
Hibernate: select groups0_.id as id1_0_0_, groups0_.group_id as group_id2_0_0_, groupdata1_.group_id as group_id1_2_1_, groupdata1_.group_footer as group_fo2_2_1_, groupdata1_.group_header as group_he3_2_1_, groupdata1_.group_name as group_na4_2_1_ from address_in_groups groups0_ inner join group_list groupdata1_ on groups0_.group_id=groupdata1_.group_id where groups0_.id=?
Hibernate: select contacts0_.group_id as group_id2_0_0_, contacts0_.id as id1_0_0_, contactdat1_.id as id1_1_1_, contactdat1_.firstname as firstnam2_1_1_, contactdat1_.home as home3_1_1_, contactdat1_.lastname as lastname4_1_1_, contactdat1_.mobile as mobile5_1_1_, contactdat1_.work as work6_1_1_ from address_in_groups contacts0_ inner join addressbook contactdat1_ on contacts0_.id=contactdat1_.id where contacts0_.group_id=?
Hibernate: select contacts0_.group_id as group_id2_0_0_, contacts0_.id as id1_0_0_, contactdat1_.id as id1_1_1_, contactdat1_.firstname as firstnam2_1_1_, contactdat1_.home as home3_1_1_, contactdat1_.lastname as lastname4_1_1_, contactdat1_.mobile as mobile5_1_1_, contactdat1_.work as work6_1_1_ from address_in_groups contacts0_ inner join addressbook contactdat1_ on contacts0_.id=contactdat1_.id where contacts0_.group_id=?
Hibernate: select contacts0_.group_id as group_id2_0_0_, contacts0_.id as id1_0_0_, contactdat1_.id as id1_1_1_, contactdat1_.firstname as firstnam2_1_1_, contactdat1_.home as home3_1_1_, contactdat1_.lastname as lastname4_1_1_, contactdat1_.mobile as mobile5_1_1_, contactdat1_.work as work6_1_1_ from address_in_groups contacts0_ inner join addressbook contactdat1_ on contacts0_.id=contactdat1_.id where contacts0_.group_id=?
Hibernate: select contacts0_.group_id as group_id2_0_0_, contacts0_.id as id1_0_0_, contactdat1_.id as id1_1_1_, contactdat1_.firstname as firstnam2_1_1_, contactdat1_.home as home3_1_1_, contactdat1_.lastname as lastname4_1_1_, contactdat1_.mobile as mobile5_1_1_, contactdat1_.work as work6_1_1_ from address_in_groups contacts0_ inner join addressbook contactdat1_ on contacts0_.id=contactdat1_.id where contacts0_.group_id=?
Hibernate: select contacts0_.group_id as group_id2_0_0_, contacts0_.id as id1_0_0_, contactdat1_.id as id1_1_1_, contactdat1_.firstname as firstnam2_1_1_, contactdat1_.home as home3_1_1_, contactdat1_.lastname as lastname4_1_1_, contactdat1_.mobile as mobile5_1_1_, contactdat1_.work as work6_1_1_ from address_in_groups contacts0_ inner join addressbook contactdat1_ on contacts0_.id=contactdat1_.id where contacts0_.group_id=?
Hibernate: select groupdata0_.group_id as group_id1_2_, groupdata0_.group_footer as group_fo2_2_, groupdata0_.group_header as group_he3_2_, groupdata0_.group_name as group_na4_2_ from group_list groupdata0_
Hibernate: select contacts0_.group_id as group_id2_0_0_, contacts0_.id as id1_0_0_, contactdat1_.id as id1_1_1_, contactdat1_.firstname as firstnam2_1_1_, contactdat1_.home as home3_1_1_, contactdat1_.lastname as lastname4_1_1_, contactdat1_.mobile as mobile5_1_1_, contactdat1_.work as work6_1_1_ from address_in_groups contacts0_ inner join addressbook contactdat1_ on contacts0_.id=contactdat1_.id where contacts0_.group_id=?
Hibernate: select contacts0_.group_id as group_id2_0_0_, contacts0_.id as id1_0_0_, contactdat1_.id as id1_1_1_, contactdat1_.firstname as firstnam2_1_1_, contactdat1_.home as home3_1_1_, contactdat1_.lastname as lastname4_1_1_, contactdat1_.mobile as mobile5_1_1_, contactdat1_.work as work6_1_1_ from address_in_groups contacts0_ inner join addressbook contactdat1_ on contacts0_.id=contactdat1_.id where contacts0_.group_id=?
Hibernate: select contacts0_.group_id as group_id2_0_0_, contacts0_.id as id1_0_0_, contactdat1_.id as id1_1_1_, contactdat1_.firstname as firstnam2_1_1_, contactdat1_.home as home3_1_1_, contactdat1_.lastname as lastname4_1_1_, contactdat1_.mobile as mobile5_1_1_, contactdat1_.work as work6_1_1_ from address_in_groups contacts0_ inner join addressbook contactdat1_ on contacts0_.id=contactdat1_.id where contacts0_.group_id=?
Hibernate: select contacts0_.group_id as group_id2_0_0_, contacts0_.id as id1_0_0_, contactdat1_.id as id1_1_1_, contactdat1_.firstname as firstnam2_1_1_, contactdat1_.home as home3_1_1_, contactdat1_.lastname as lastname4_1_1_, contactdat1_.mobile as mobile5_1_1_, contactdat1_.work as work6_1_1_ from address_in_groups contacts0_ inner join addressbook contactdat1_ on contacts0_.id=contactdat1_.id where contacts0_.group_id=?
Hibernate: select contacts0_.group_id as group_id2_0_0_, contacts0_.id as id1_0_0_, contactdat1_.id as id1_1_1_, contactdat1_.firstname as firstnam2_1_1_, contactdat1_.home as home3_1_1_, contactdat1_.lastname as lastname4_1_1_, contactdat1_.mobile as mobile5_1_1_, contactdat1_.work as work6_1_1_ from address_in_groups contacts0_ inner join addressbook contactdat1_ on contacts0_.id=contactdat1_.id where contacts0_.group_id=?
Hibernate: select contacts0_.group_id as group_id2_0_0_, contacts0_.id as id1_0_0_, contactdat1_.id as id1_1_1_, contactdat1_.firstname as firstnam2_1_1_, contactdat1_.home as home3_1_1_, contactdat1_.lastname as lastname4_1_1_, contactdat1_.mobile as mobile5_1_1_, contactdat1_.work as work6_1_1_ from address_in_groups contacts0_ inner join addressbook contactdat1_ on contacts0_.id=contactdat1_.id where contacts0_.group_id=?
Hibernate: select contacts0_.group_id as group_id2_0_0_, contacts0_.id as id1_0_0_, contactdat1_.id as id1_1_1_, contactdat1_.firstname as firstnam2_1_1_, contactdat1_.home as home3_1_1_, contactdat1_.lastname as lastname4_1_1_, contactdat1_.mobile as mobile5_1_1_, contactdat1_.work as work6_1_1_ from address_in_groups contacts0_ inner join addressbook contactdat1_ on contacts0_.id=contactdat1_.id where contacts0_.group_id=?
Hibernate: select contacts0_.group_id as group_id2_0_0_, contacts0_.id as id1_0_0_, contactdat1_.id as id1_1_1_, contactdat1_.firstname as firstnam2_1_1_, contactdat1_.home as home3_1_1_, contactdat1_.lastname as lastname4_1_1_, contactdat1_.mobile as mobile5_1_1_, contactdat1_.work as work6_1_1_ from address_in_groups contacts0_ inner join addressbook contactdat1_ on contacts0_.id=contactdat1_.id where contacts0_.group_id=?
Hibernate: select contacts0_.group_id as group_id2_0_0_, contacts0_.id as id1_0_0_, contactdat1_.id as id1_1_1_, contactdat1_.firstname as firstnam2_1_1_, contactdat1_.home as home3_1_1_, contactdat1_.lastname as lastname4_1_1_, contactdat1_.mobile as mobile5_1_1_, contactdat1_.work as work6_1_1_ from address_in_groups contacts0_ inner join addressbook contactdat1_ on contacts0_.id=contactdat1_.id where contacts0_.group_id=?
Hibernate: select contacts0_.group_id as group_id2_0_0_, contacts0_.id as id1_0_0_, contactdat1_.id as id1_1_1_, contactdat1_.firstname as firstnam2_1_1_, contactdat1_.home as home3_1_1_, contactdat1_.lastname as lastname4_1_1_, contactdat1_.mobile as mobile5_1_1_, contactdat1_.work as work6_1_1_ from address_in_groups contacts0_ inner join addressbook contactdat1_ on contacts0_.id=contactdat1_.id where contacts0_.group_id=?
Hibernate: select contacts0_.group_id as group_id2_0_0_, contacts0_.id as id1_0_0_, contactdat1_.id as id1_1_1_, contactdat1_.firstname as firstnam2_1_1_, contactdat1_.home as home3_1_1_, contactdat1_.lastname as lastname4_1_1_, contactdat1_.mobile as mobile5_1_1_, contactdat1_.work as work6_1_1_ from address_in_groups contacts0_ inner join addressbook contactdat1_ on contacts0_.id=contactdat1_.id where contacts0_.group_id=?
Hibernate: select contacts0_.group_id as group_id2_0_0_, contacts0_.id as id1_0_0_, contactdat1_.id as id1_1_1_, contactdat1_.firstname as firstnam2_1_1_, contactdat1_.home as home3_1_1_, contactdat1_.lastname as lastname4_1_1_, contactdat1_.mobile as mobile5_1_1_, contactdat1_.work as work6_1_1_ from address_in_groups contacts0_ inner join addressbook contactdat1_ on contacts0_.id=contactdat1_.id where contacts0_.group_id=?
Hibernate: select contacts0_.group_id as group_id2_0_0_, contacts0_.id as id1_0_0_, contactdat1_.id as id1_1_1_, contactdat1_.firstname as firstnam2_1_1_, contactdat1_.home as home3_1_1_, contactdat1_.lastname as lastname4_1_1_, contactdat1_.mobile as mobile5_1_1_, contactdat1_.work as work6_1_1_ from address_in_groups contacts0_ inner join addressbook contactdat1_ on contacts0_.id=contactdat1_.id where contacts0_.group_id=?
[...]
Hibernate: select groups0_.id as id1_0_0_, groups0_.group_id as group_id2_0_0_, groupdata1_.group_id as group_id1_2_1_, groupdata1_.group_footer as group_fo2_2_1_, groupdata1_.group_header as group_he3_2_1_, groupdata1_.group_name as group_na4_2_1_ from address_in_groups groups0_ inner join group_list groupdata1_ on groups0_.group_id=groupdata1_.group_id where groups0_.id=?
Hibernate: select contacts0_.group_id as group_id2_0_0_, contacts0_.id as id1_0_0_, contactdat1_.id as id1_1_1_, contactdat1_.firstname as firstnam2_1_1_, contactdat1_.home as home3_1_1_, contactdat1_.lastname as lastname4_1_1_, contactdat1_.mobile as mobile5_1_1_, contactdat1_.work as work6_1_1_ from address_in_groups contacts0_ inner join addressbook contactdat1_ on contacts0_.id=contactdat1_.id where contacts0_.group_id=?
Hibernate: select contacts0_.group_id as group_id2_0_0_, contacts0_.id as id1_0_0_, contactdat1_.id as id1_1_1_, contactdat1_.firstname as firstnam2_1_1_, contactdat1_.home as home3_1_1_, contactdat1_.lastname as lastname4_1_1_, contactdat1_.mobile as mobile5_1_1_, contactdat1_.work as work6_1_1_ from address_in_groups contacts0_ inner join addressbook contactdat1_ on contacts0_.id=contactdat1_.id where contacts0_.group_id=?
Hibernate: select contacts0_.group_id as group_id2_0_0_, contacts0_.id as id1_0_0_, contactdat1_.id as id1_1_1_, contactdat1_.firstname as firstnam2_1_1_, contactdat1_.home as home3_1_1_, contactdat1_.lastname as lastname4_1_1_, contactdat1_.mobile as mobile5_1_1_, contactdat1_.work as work6_1_1_ from address_in_groups contacts0_ inner join addressbook contactdat1_ on contacts0_.id=contactdat1_.id where contacts0_.group_id=?
Hibernate: select contacts0_.group_id as group_id2_0_0_, contacts0_.id as id1_0_0_, contactdat1_.id as id1_1_1_, contactdat1_.firstname as firstnam2_1_1_, contactdat1_.home as home3_1_1_, contactdat1_.lastname as lastname4_1_1_, contactdat1_.mobile as mobile5_1_1_, contactdat1_.work as work6_1_1_ from address_in_groups contacts0_ inner join addressbook contactdat1_ on contacts0_.id=contactdat1_.id where contacts0_.group_id=?
Hibernate: select contacts0_.group_id as group_id2_0_0_, contacts0_.id as id1_0_0_, contactdat1_.id as id1_1_1_, contactdat1_.firstname as firstnam2_1_1_, contactdat1_.home as home3_1_1_, contactdat1_.lastname as lastname4_1_1_, contactdat1_.mobile as mobile5_1_1_, contactdat1_.work as work6_1_1_ from address_in_groups contacts0_ inner join addressbook contactdat1_ on contacts0_.id=contactdat1_.id where contacts0_.group_id=?
Hibernate: select groupdata0_.group_id as group_id1_2_, groupdata0_.group_footer as group_fo2_2_, groupdata0_.group_header as group_he3_2_, groupdata0_.group_name as group_na4_2_ from group_list groupdata0_
Hibernate: select contacts0_.group_id as group_id2_0_0_, contacts0_.id as id1_0_0_, contactdat1_.id as id1_1_1_, contactdat1_.firstname as firstnam2_1_1_, contactdat1_.home as home3_1_1_, contactdat1_.lastname as lastname4_1_1_, contactdat1_.mobile as mobile5_1_1_, contactdat1_.work as work6_1_1_ from address_in_groups contacts0_ inner join addressbook contactdat1_ on contacts0_.id=contactdat1_.id where contacts0_.group_id=?
Hibernate: select contacts0_.group_id as group_id2_0_0_, contacts0_.id as id1_0_0_, contactdat1_.id as id1_1_1_, contactdat1_.firstname as firstnam2_1_1_, contactdat1_.home as home3_1_1_, contactdat1_.lastname as lastname4_1_1_, contactdat1_.mobile as mobile5_1_1_, contactdat1_.work as work6_1_1_ from address_in_groups contacts0_ inner join addressbook contactdat1_ on contacts0_.id=contactdat1_.id where contacts0_.group_id=?
Hibernate: select contacts0_.group_id as group_id2_0_0_, contacts0_.id as id1_0_0_, contactdat1_.id as id1_1_1_, contactdat1_.firstname as firstnam2_1_1_, contactdat1_.home as home3_1_1_, contactdat1_.lastname as lastname4_1_1_, contactdat1_.mobile as mobile5_1_1_, contactdat1_.work as work6_1_1_ from address_in_groups contacts0_ inner join addressbook contactdat1_ on contacts0_.id=contactdat1_.id where contacts0_.group_id=?
Hibernate: select contacts0_.group_id as group_id2_0_0_, contacts0_.id as id1_0_0_, contactdat1_.id as id1_1_1_, contactdat1_.firstname as firstnam2_1_1_, contactdat1_.home as home3_1_1_, contactdat1_.lastname as lastname4_1_1_, contactdat1_.mobile as mobile5_1_1_, contactdat1_.work as work6_1_1_ from address_in_groups contacts0_ inner join addressbook contactdat1_ on contacts0_.id=contactdat1_.id where contacts0_.group_id=?
Hibernate: select contacts0_.group_id as group_id2_0_0_, contacts0_.id as id1_0_0_, contactdat1_.id as id1_1_1_, contactdat1_.firstname as firstnam2_1_1_, contactdat1_.home as home3_1_1_, contactdat1_.lastname as lastname4_1_1_, contactdat1_.mobile as mobile5_1_1_, contactdat1_.work as work6_1_1_ from address_in_groups contacts0_ inner join addressbook contactdat1_ on contacts0_.id=contactdat1_.id where contacts0_.group_id=?
Hibernate: select contacts0_.group_id as group_id2_0_0_, contacts0_.id as id1_0_0_, contactdat1_.id as id1_1_1_, contactdat1_.firstname as firstnam2_1_1_, contactdat1_.home as home3_1_1_, contactdat1_.lastname as lastname4_1_1_, contactdat1_.mobile as mobile5_1_1_, contactdat1_.work as work6_1_1_ from address_in_groups contacts0_ inner join addressbook contactdat1_ on contacts0_.id=contactdat1_.id where contacts0_.group_id=?
Hibernate: select contacts0_.group_id as group_id2_0_0_, contacts0_.id as id1_0_0_, contactdat1_.id as id1_1_1_, contactdat1_.firstname as firstnam2_1_1_, contactdat1_.home as home3_1_1_, contactdat1_.lastname as lastname4_1_1_, contactdat1_.mobile as mobile5_1_1_, contactdat1_.work as work6_1_1_ from address_in_groups contacts0_ inner join addressbook contactdat1_ on contacts0_.id=contactdat1_.id where contacts0_.group_id=?
Hibernate: select contacts0_.group_id as group_id2_0_0_, contacts0_.id as id1_0_0_, contactdat1_.id as id1_1_1_, contactdat1_.firstname as firstnam2_1_1_, contactdat1_.home as home3_1_1_, contactdat1_.lastname as lastname4_1_1_, contactdat1_.mobile as mobile5_1_1_, contactdat1_.work as work6_1_1_ from address_in_groups contacts0_ inner join addressbook contactdat1_ on contacts0_.id=contactdat1_.id where contacts0_.group_id=?
Hibernate: select contacts0_.group_id as group_id2_0_0_, contacts0_.id as id1_0_0_, contactdat1_.id as id1_1_1_, contactdat1_.firstname as firstnam2_1_1_, contactdat1_.home as home3_1_1_, contactdat1_.lastname as lastname4_1_1_, contactdat1_.mobile as mobile5_1_1_, contactdat1_.work as work6_1_1_ from address_in_groups contacts0_ inner join addressbook contactdat1_ on contacts0_.id=contactdat1_.id where contacts0_.group_id=?
Hibernate: select contacts0_.group_id as group_id2_0_0_, contacts0_.id as id1_0_0_, contactdat1_.id as id1_1_1_, contactdat1_.firstname as firstnam2_1_1_, contactdat1_.home as home3_1_1_, contactdat1_.lastname as lastname4_1_1_, contactdat1_.mobile as mobile5_1_1_, contactdat1_.work as work6_1_1_ from address_in_groups contacts0_ inner join addressbook contactdat1_ on contacts0_.id=contactdat1_.id where contacts0_.group_id=?
Hibernate: select contacts0_.group_id as group_id2_0_0_, contacts0_.id as id1_0_0_, contactdat1_.id as id1_1_1_, contactdat1_.firstname as firstnam2_1_1_, contactdat1_.home as home3_1_1_, contactdat1_.lastname as lastname4_1_1_, contactdat1_.mobile as mobile5_1_1_, contactdat1_.work as work6_1_1_ from address_in_groups contacts0_ inner join addressbook contactdat1_ on contacts0_.id=contactdat1_.id where contacts0_.group_id=?
Hibernate: select contacts0_.group_id as group_id2_0_0_, contacts0_.id as id1_0_0_, contactdat1_.id as id1_1_1_, contactdat1_.firstname as firstnam2_1_1_, contactdat1_.home as home3_1_1_, contactdat1_.lastname as lastname4_1_1_, contactdat1_.mobile as mobile5_1_1_, contactdat1_.work as work6_1_1_ from address_in_groups contacts0_ inner join addressbook contactdat1_ on contacts0_.id=contactdat1_.id where contacts0_.group_id=?
Hibernate: select contacts0_.group_id as group_id2_0_0_, contacts0_.id as id1_0_0_, contactdat1_.id as id1_1_1_, contactdat1_.firstname as firstnam2_1_1_, contactdat1_.home as home3_1_1_, contactdat1_.lastname as lastname4_1_1_, contactdat1_.mobile as mobile5_1_1_, contactdat1_.work as work6_1_1_ from address_in_groups contacts0_ inner join addressbook contactdat1_ on contacts0_.id=contactdat1_.id where contacts0_.group_id=?
Hibernate: select contacts0_.group_id as group_id2_0_0_, contacts0_.id as id1_0_0_, contactdat1_.id as id1_1_1_, contactdat1_.firstname as firstnam2_1_1_, contactdat1_.home as home3_1_1_, contactdat1_.lastname as lastname4_1_1_, contactdat1_.mobile as mobile5_1_1_, contactdat1_.work as work6_1_1_ from address_in_groups contacts0_ inner join addressbook contactdat1_ on contacts0_.id=contactdat1_.id where contacts0_.group_id=?
Hibernate: select contacts0_.group_id as group_id2_0_0_, contacts0_.id as id1_0_0_, contactdat1_.id as id1_1_1_, contactdat1_.firstname as firstnam2_1_1_, contactdat1_.home as home3_1_1_, contactdat1_.lastname as lastname4_1_1_, contactdat1_.mobile as mobile5_1_1_, contactdat1_.work as work6_1_1_ from address_in_groups contacts0_ inner join addressbook contactdat1_ on contacts0_.id=contactdat1_.id where contacts0_.group_id=?
Hibernate: select contacts0_.group_id as group_id2_0_0_, contacts0_.id as id1_0_0_, contactdat1_.id as id1_1_1_, contactdat1_.firstname as firstnam2_1_1_, contactdat1_.home as home3_1_1_, contactdat1_.lastname as lastname4_1_1_, contactdat1_.mobile as mobile5_1_1_, contactdat1_.work as work6_1_1_ from address_in_groups contacts0_ inner join addressbook contactdat1_ on contacts0_.id=contactdat1_.id where contacts0_.group_id=?
Hibernate: select contacts0_.group_id as group_id2_0_0_, contacts0_.id as id1_0_0_, contactdat1_.id as id1_1_1_, contactdat1_.firstname as firstnam2_1_1_, contactdat1_.home as home3_1_1_, contactdat1_.lastname as lastname4_1_1_, contactdat1_.mobile as mobile5_1_1_, contactdat1_.work as work6_1_1_ from address_in_groups contacts0_ inner join addressbook contactdat1_ on contacts0_.id=contactdat1_.id where contacts0_.group_id=?
Hibernate: select contacts0_.group_id as group_id2_0_0_, contacts0_.id as id1_0_0_, contactdat1_.id as id1_1_1_, contactdat1_.firstname as firstnam2_1_1_, contactdat1_.home as home3_1_1_, contactdat1_.lastname as lastname4_1_1_, contactdat1_.mobile as mobile5_1_1_, contactdat1_.work as work6_1_1_ from address_in_groups contacts0_ inner join addressbook contactdat1_ on contacts0_.id=contactdat1_.id where contacts0_.group_id=?
Hibernate: select contacts0_.group_id as group_id2_0_0_, contacts0_.id as id1_0_0_, contactdat1_.id as id1_1_1_, contactdat1_.firstname as firstnam2_1_1_, contactdat1_.home as home3_1_1_, contactdat1_.lastname as lastname4_1_1_, contactdat1_.mobile as mobile5_1_1_, contactdat1_.work as work6_1_1_ from address_in_groups contacts0_ inner join addressbook contactdat1_ on contacts0_.id=contactdat1_.id where contacts0_.group_id=?
Hibernate: select contacts0_.group_id as group_id2_0_0_, contacts0_.id as id1_0_0_, contactdat1_.id as id1_1_1_, contactdat1_.firstname as firstnam2_1_1_, contactdat1_.home as home3_1_1_, contactdat1_.lastname as lastname4_1_1_, contactdat1_.mobile as mobile5_1_1_, contactdat1_.work as work6_1_1_ from address_in_groups contacts0_ inner join addressbook contactdat1_ on contacts0_.id=contactdat1_.id where contacts0_.group_id=?
Hibernate: select contacts0_.group_id as group_id2_0_0_, contacts0_.id as id1_0_0_, contactdat1_.id as id1_1_1_, contactdat1_.firstname as firstnam2_1_1_, contactdat1_.home as home3_1_1_, contactdat1_.lastname as lastname4_1_1_, contactdat1_.mobile as mobile5_1_1_, contactdat1_.work as work6_1_1_ from address_in_groups contacts0_ inner join addressbook contactdat1_ on contacts0_.id=contactdat1_.id where contacts0_.group_id=?
Hibernate: select contacts0_.group_id as group_id2_0_0_, contacts0_.id as id1_0_0_, contactdat1_.id as id1_1_1_, contactdat1_.firstname as firstnam2_1_1_, contactdat1_.home as home3_1_1_, contactdat1_.lastname as lastname4_1_1_, contactdat1_.mobile as mobile5_1_1_, contactdat1_.work as work6_1_1_ from address_in_groups contacts0_ inner join addressbook contactdat1_ on contacts0_.id=contactdat1_.id where contacts0_.group_id=?
Hibernate: select contacts0_.group_id as group_id2_0_0_, contacts0_.id as id1_0_0_, contactdat1_.id as id1_1_1_, contactdat1_.firstname as firstnam2_1_1_, contactdat1_.home as home3_1_1_, contactdat1_.lastname as lastname4_1_1_, contactdat1_.mobile as mobile5_1_1_, contactdat1_.work as work6_1_1_ from address_in_groups contacts0_ inner join addressbook contactdat1_ on contacts0_.id=contactdat1_.id where contacts0_.group_id=?
Hibernate: select contacts0_.group_id as group_id2_0_0_, contacts0_.id as id1_0_0_, contactdat1_.id as id1_1_1_, contactdat1_.firstname as firstnam2_1_1_, contactdat1_.home as home3_1_1_, contactdat1_.lastname as lastname4_1_1_, contactdat1_.mobile as mobile5_1_1_, contactdat1_.work as work6_1_1_ from address_in_groups contacts0_ inner join addressbook contactdat1_ on contacts0_.id=contactdat1_.id where contacts0_.group_id=?
Hibernate: select contacts0_.group_id as group_id2_0_0_, contacts0_.id as id1_0_0_, contactdat1_.id as id1_1_1_, contactdat1_.firstname as firstnam2_1_1_, contactdat1_.home as home3_1_1_, contactdat1_.lastname as lastname4_1_1_, contactdat1_.mobile as mobile5_1_1_, contactdat1_.work as work6_1_1_ from address_in_groups contacts0_ inner join addressbook contactdat1_ on contacts0_.id=contactdat1_.id where contacts0_.group_id=?
Hibernate: select contacts0_.group_id as group_id2_0_0_, contacts0_.id as id1_0_0_, contactdat1_.id as id1_1_1_, contactdat1_.firstname as firstnam2_1_1_, contactdat1_.home as home3_1_1_, contactdat1_.lastname as lastname4_1_1_, contactdat1_.mobile as mobile5_1_1_, contactdat1_.work as work6_1_1_ from address_in_groups contacts0_ inner join addressbook contactdat1_ on contacts0_.id=contactdat1_.id where contacts0_.group_id=?
Hibernate: select contacts0_.group_id as group_id2_0_0_, contacts0_.id as id1_0_0_, contactdat1_.id as id1_1_1_, contactdat1_.firstname as firstnam2_1_1_, contactdat1_.home as home3_1_1_, contactdat1_.lastname as lastname4_1_1_, contactdat1_.mobile as mobile5_1_1_, contactdat1_.work as work6_1_1_ from address_in_groups contacts0_ inner join addressbook contactdat1_ on contacts0_.id=contactdat1_.id where contacts0_.group_id=?
Hibernate: select contacts0_.group_id as group_id2_0_0_, contacts0_.id as id1_0_0_, contactdat1_.id as id1_1_1_, contactdat1_.firstname as firstnam2_1_1_, contactdat1_.home as home3_1_1_, contactdat1_.lastname as lastname4_1_1_, contactdat1_.mobile as mobile5_1_1_, contactdat1_.work as work6_1_1_ from address_in_groups contacts0_ inner join addressbook contactdat1_ on contacts0_.id=contactdat1_.id where contacts0_.group_id=?
Hibernate: select contacts0_.group_id as group_id2_0_0_, contacts0_.id as id1_0_0_, contactdat1_.id as id1_1_1_, contactdat1_.firstname as firstnam2_1_1_, contactdat1_.home as home3_1_1_, contactdat1_.lastname as lastname4_1_1_, contactdat1_.mobile as mobile5_1_1_, contactdat1_.work as work6_1_1_ from address_in_groups contacts0_ inner join addressbook contactdat1_ on contacts0_.id=contactdat1_.id where contacts0_.group_id=?
Hibernate: select contacts0_.group_id as group_id2_0_0_, contacts0_.id as id1_0_0_, contactdat1_.id as id1_1_1_, contactdat1_.firstname as firstnam2_1_1_, contactdat1_.home as home3_1_1_, contactdat1_.lastname as lastname4_1_1_, contactdat1_.mobile as mobile5_1_1_, contactdat1_.work as work6_1_1_ from address_in_groups contacts0_ inner join addressbook contactdat1_ on contacts0_.id=contactdat1_.id where contacts0_.group_id=?
Hibernate: select contacts0_.group_id as group_id2_0_0_, contacts0_.id as id1_0_0_, contactdat1_.id as id1_1_1_, contactdat1_.firstname as firstnam2_1_1_, contactdat1_.home as home3_1_1_, contactdat1_.lastname as lastname4_1_1_, contactdat1_.mobile as mobile5_1_1_, contactdat1_.work as work6_1_1_ from address_in_groups contacts0_ inner join addressbook contactdat1_ on contacts0_.id=contactdat1_.id where contacts0_.group_id=?
Hibernate: select contacts0_.group_id as group_id2_0_0_, contacts0_.id as id1_0_0_, contactdat1_.id as id1_1_1_, contactdat1_.firstname as firstnam2_1_1_, contactdat1_.home as home3_1_1_, contactdat1_.lastname as lastname4_1_1_, contactdat1_.mobile as mobile5_1_1_, contactdat1_.work as work6_1_1_ from address_in_groups contacts0_ inner join addressbook contactdat1_ on contacts0_.id=contactdat1_.id where contacts0_.group_id=?
Hibernate: select contacts0_.group_id as group_id2_0_0_, contacts0_.id as id1_0_0_, contactdat1_.id as id1_1_1_, contactdat1_.firstname as firstnam2_1_1_, contactdat1_.home as home3_1_1_, contactdat1_.lastname as lastname4_1_1_, contactdat1_.mobile as mobile5_1_1_, contactdat1_.work as work6_1_1_ from address_in_groups contacts0_ inner join addressbook contactdat1_ on contacts0_.id=contactdat1_.id where contacts0_.group_id=?
Hibernate: select contacts0_.group_id as group_id2_0_0_, contacts0_.id as id1_0_0_, contactdat1_.id as id1_1_1_, contactdat1_.firstname as firstnam2_1_1_, contactdat1_.home as home3_1_1_, contactdat1_.lastname as lastname4_1_1_, contactdat1_.mobile as mobile5_1_1_, contactdat1_.work as work6_1_1_ from address_in_groups contacts0_ inner join addressbook contactdat1_ on contacts0_.id=contactdat1_.id where contacts0_.group_id=?
Hibernate: select groups0_.id as id1_0_0_, groups0_.group_id as group_id2_0_0_, groupdata1_.group_id as group_id1_2_1_, groupdata1_.group_footer as group_fo2_2_1_, groupdata1_.group_header as group_he3_2_1_, groupdata1_.group_name as group_na4_2_1_ from address_in_groups groups0_ inner join group_list groupdata1_ on groups0_.group_id=groupdata1_.group_id where groups0_.id=?
Hibernate: select contacts0_.group_id as group_id2_0_0_, contacts0_.id as id1_0_0_, contactdat1_.id as id1_1_1_, contactdat1_.firstname as firstnam2_1_1_, contactdat1_.home as home3_1_1_, contactdat1_.lastname as lastname4_1_1_, contactdat1_.mobile as mobile5_1_1_, contactdat1_.work as work6_1_1_ from address_in_groups contacts0_ inner join addressbook contactdat1_ on contacts0_.id=contactdat1_.id where contacts0_.group_id=?
Hibernate: select contacts0_.group_id as group_id2_0_0_, contacts0_.id as id1_0_0_, contactdat1_.id as id1_1_1_, contactdat1_.firstname as firstnam2_1_1_, contactdat1_.home as home3_1_1_, contactdat1_.lastname as lastname4_1_1_, contactdat1_.mobile as mobile5_1_1_, contactdat1_.work as work6_1_1_ from address_in_groups contacts0_ inner join addressbook contactdat1_ on contacts0_.id=contactdat1_.id where contacts0_.group_id=?
Hibernate: select contacts0_.group_id as group_id2_0_0_, contacts0_.id as id1_0_0_, contactdat1_.id as id1_1_1_, contactdat1_.firstname as firstnam2_1_1_, contactdat1_.home as home3_1_1_, contactdat1_.lastname as lastname4_1_1_, contactdat1_.mobile as mobile5_1_1_, contactdat1_.work as work6_1_1_ from address_in_groups contacts0_ inner join addressbook contactdat1_ on contacts0_.id=contactdat1_.id where contacts0_.group_id=?
Hibernate: select contacts0_.group_id as group_id2_0_0_, contacts0_.id as id1_0_0_, contactdat1_.id as id1_1_1_, contactdat1_.firstname as firstnam2_1_1_, contactdat1_.home as home3_1_1_, contactdat1_.lastname as lastname4_1_1_, contactdat1_.mobile as mobile5_1_1_, contactdat1_.work as work6_1_1_ from address_in_groups contacts0_ inner join addressbook contactdat1_ on contacts0_.id=contactdat1_.id where contacts0_.group_id=?
Hibernate: select contacts0_.group_id as group_id2_0_0_, contacts0_.id as id1_0_0_, contactdat1_.id as id1_1_1_, contactdat1_.firstname as firstnam2_1_1_, contactdat1_.home as home3_1_1_, contactdat1_.lastname as lastname4_1_1_, contactdat1_.mobile as mobile5_1_1_, contactdat1_.work as work6_1_1_ from address_in_groups contacts0_ inner join addressbook contactdat1_ on contacts0_.id=contactdat1_.id where contacts0_.group_id=?
]]></system-out>
  <system-err><![CDATA[]]></system-err>
</testsuite>
